2019-10-29 15:46:18,484 [4] INFO  WeiXinOpenPlatForm.Web.Filter.WeiXinActionFilterAttribute [(null)] - WeiXinOpenPlatForm.Core.Logs.ActionLog
2019-10-29 15:46:18,562 [4] INFO  WeiXinOpenPlatForm.Web.Filter.WeiXinActionFilterAttribute [(null)] - {"ApiVersion":"1.0","Ip":"::1","ActionId":"9fce8b9c-7796-4d4a-a371-e90b264874d8","ActionPath":"/","ActionType":1,"ActionElapsed":0,"TimeStamp":"0001-01-01T00:00:00","Host":null,"Level":null,"Content":"","Message":null}
2019-10-29 15:46:18,662 [4] INFO  WeiXinOpenPlatForm.Web.Filter.WeiXinActionFilterAttribute [(null)] - WeiXinOpenPlatForm.Core.Logs.ActionLog
2019-10-29 15:46:25,860 [4] INFO  WeiXinOpenPlatForm.Web.Filter.WeiXinActionFilterAttribute [(null)] - WeiXinOpenPlatForm.Core.Logs.ActionLog
2019-10-29 15:46:25,861 [4] INFO  WeiXinOpenPlatForm.Web.Filter.WeiXinActionFilterAttribute [(null)] - {"ApiVersion":"1.0","Ip":"::1","ActionId":"31baf299-9714-451b-9a54-386e886a522a","ActionPath":"/home/weixin","ActionType":1,"ActionElapsed":0,"TimeStamp":"0001-01-01T00:00:00","Host":null,"Level":null,"Content":"?echostr=123","Message":null}
2019-10-29 15:46:29,680 [4] INFO  WeiXinOpenPlatForm.Web.Filter.WeiXinActionFilterAttribute [(null)] - 2112312
2019-10-29 15:46:30,200 [4] INFO  WeiXinOpenPlatForm.Web.Filter.WeiXinActionFilterAttribute [(null)] - WeiXinOpenPlatForm.Core.Logs.ActionLog
2019-10-29 15:50:43,757 [5] INFO  WeiXinOpenPlatForm.Web.Filter.WeiXinActionFilterAttribute [(null)] - WeiXinOpenPlatForm.Core.Logs.ActionLog
2019-10-29 15:50:43,821 [5] INFO  WeiXinOpenPlatForm.Web.Filter.WeiXinActionFilterAttribute [(null)] - {"ApiVersion":"1.0","Ip":"::1","ActionId":"11c05691-6dd1-4de6-9bdc-a3fcd4187443","ActionPath":"/","ActionType":1,"ActionElapsed":0,"TimeStamp":"0001-01-01T00:00:00","Host":null,"Level":null,"Content":"","Message":null}
2019-10-29 15:50:43,926 [5] INFO  WeiXinOpenPlatForm.Web.Filter.WeiXinActionFilterAttribute [(null)] - WeiXinOpenPlatForm.Core.Logs.ActionLog
2019-10-29 15:51:25,401 [13] INFO  WeiXinOpenPlatForm.Web.Filter.WeiXinActionFilterAttribute [(null)] - WeiXinOpenPlatForm.Core.Logs.ActionLog
2019-10-29 15:51:25,402 [13] INFO  WeiXinOpenPlatForm.Web.Filter.WeiXinActionFilterAttribute [(null)] - {"ApiVersion":"1.0","Ip":"::1","ActionId":"71770129-5ad7-4169-ab41-ca86a9a514f0","ActionPath":"/home/weixin","ActionType":1,"ActionElapsed":0,"TimeStamp":"0001-01-01T00:00:00","Host":null,"Level":null,"Content":"?signature=44bdd76250b4058607ff127bed48c6fd2cdd7778&echostr=9191688688025726959&timestamp=1572335342&nonce=851918923","Message":null}
2019-10-29 15:56:27,808 [4] INFO  WeiXinOpenPlatForm.Web.Filter.WeiXinActionFilterAttribute [(null)] - WeiXinOpenPlatForm.Core.Logs.ActionLog
2019-10-29 15:56:27,868 [4] INFO  WeiXinOpenPlatForm.Web.Filter.WeiXinActionFilterAttribute [(null)] - {"ApiVersion":"1.0","Ip":"::1","ActionId":"89fa8b6f-107b-4e9a-a924-efc035a9560a","ActionPath":"/","ActionType":1,"ActionElapsed":0,"TimeStamp":"0001-01-01T00:00:00","Host":null,"Level":null,"Content":"","Message":null}
2019-10-29 15:56:27,966 [4] INFO  WeiXinOpenPlatForm.Web.Filter.WeiXinActionFilterAttribute [(null)] - WeiXinOpenPlatForm.Core.Logs.ActionLog
2019-10-29 15:56:38,522 [4] INFO  WeiXinOpenPlatForm.Web.Filter.WeiXinActionFilterAttribute [(null)] - WeiXinOpenPlatForm.Core.Logs.ActionLog
2019-10-29 15:56:38,522 [4] INFO  WeiXinOpenPlatForm.Web.Filter.WeiXinActionFilterAttribute [(null)] - {"ApiVersion":"1.0","Ip":"::1","ActionId":"5a86e284-851d-48b7-a739-0604ac8d601f","ActionPath":"/","ActionType":1,"ActionElapsed":0,"TimeStamp":"0001-01-01T00:00:00","Host":null,"Level":null,"Content":"?signature=44bdd76250b4058607ff127bed48c6fd2cdd7778&echostr=9191688688025726959&timestamp=1572335342&nonce=851918923","Message":null}
2019-10-29 15:56:38,549 [4] INFO  WeiXinOpenPlatForm.Web.Filter.WeiXinActionFilterAttribute [(null)] - WeiXinOpenPlatForm.Core.Logs.ActionLog
2019-10-29 15:56:41,545 [4] INFO  WeiXinOpenPlatForm.Web.Filter.WeiXinActionFilterAttribute [(null)] - WeiXinOpenPlatForm.Core.Logs.ActionLog
2019-10-29 15:56:41,546 [4] INFO  WeiXinOpenPlatForm.Web.Filter.WeiXinActionFilterAttribute [(null)] - {"ApiVersion":"1.0","Ip":"::1","ActionId":"ff174144-e8c8-4f00-976a-9777e5c7f304","ActionPath":"/","ActionType":1,"ActionElapsed":0,"TimeStamp":"0001-01-01T00:00:00","Host":null,"Level":null,"Content":"?signature=44bdd76250b4058607ff127bed48c6fd2cdd7778&echostr=9191688688025726959&timestamp=1572335342&nonce=851918923","Message":null}
2019-10-29 15:56:41,566 [4] INFO  WeiXinOpenPlatForm.Web.Filter.WeiXinActionFilterAttribute [(null)] - WeiXinOpenPlatForm.Core.Logs.ActionLog
2019-10-29 15:57:00,085 [4] INFO  WeiXinOpenPlatForm.Web.Filter.WeiXinActionFilterAttribute [(null)] - WeiXinOpenPlatForm.Core.Logs.ActionLog
2019-10-29 15:57:00,085 [4] INFO  WeiXinOpenPlatForm.Web.Filter.WeiXinActionFilterAttribute [(null)] - {"ApiVersion":"1.0","Ip":"::1","ActionId":"1589c5ab-0b16-47fc-8e91-f0d542c2f083","ActionPath":"/home/weixin","ActionType":1,"ActionElapsed":0,"TimeStamp":"0001-01-01T00:00:00","Host":null,"Level":null,"Content":"?echostr=123","Message":null}
2019-10-29 15:57:02,161 [4] INFO  WeiXinOpenPlatForm.Web.Filter.WeiXinActionFilterAttribute [(null)] - WeiXinOpenPlatForm.Core.Logs.ActionLog
2019-10-29 15:57:06,988 [4] INFO  WeiXinOpenPlatForm.Web.Filter.WeiXinActionFilterAttribute [(null)] - WeiXinOpenPlatForm.Core.Logs.ActionLog
2019-10-29 15:57:06,988 [4] INFO  WeiXinOpenPlatForm.Web.Filter.WeiXinActionFilterAttribute [(null)] - {"ApiVersion":"1.0","Ip":"::1","ActionId":"d70cde1b-9e84-4aba-b841-13af1068a631","ActionPath":"/home/weixin","ActionType":1,"ActionElapsed":0,"TimeStamp":"0001-01-01T00:00:00","Host":null,"Level":null,"Content":"?signature=44bdd76250b4058607ff127bed48c6fd2cdd7778&echostr=9191688688025726959&timestamp=1572335342&nonce=851918923","Message":null}
2019-10-29 15:57:13,756 [4] INFO  WeiXinOpenPlatForm.Web.Filter.WeiXinActionFilterAttribute [(null)] - WeiXinOpenPlatForm.Core.Logs.ActionLog
2019-10-29 16:43:03,438 [4] INFO  WeiXinOpenPlatForm.Web.Filter.WeiXinActionFilterAttribute [(null)] - WeiXinOpenPlatForm.Core.Logs.ActionLog
2019-10-29 16:43:03,515 [4] INFO  WeiXinOpenPlatForm.Web.Filter.WeiXinActionFilterAttribute [(null)] - {"ApiVersion":"1.0","Ip":"::1","ActionId":"f59901c0-9604-4ab2-ab6c-5f5816458f91","ActionPath":"/","ActionType":1,"ActionElapsed":0,"TimeStamp":"0001-01-01T00:00:00","Host":null,"Level":null,"Content":"","Message":null}
2019-10-29 16:43:03,641 [4] INFO  WeiXinOpenPlatForm.Web.Filter.WeiXinActionFilterAttribute [(null)] - WeiXinOpenPlatForm.Core.Logs.ActionLog
2019-10-29 16:43:58,386 [13] INFO  WeiXinOpenPlatForm.Web.Filter.WeiXinActionFilterAttribute [(null)] - WeiXinOpenPlatForm.Core.Logs.ActionLog
2019-10-29 16:43:58,386 [13] INFO  WeiXinOpenPlatForm.Web.Filter.WeiXinActionFilterAttribute [(null)] - {"ApiVersion":"1.0","Ip":"::1","ActionId":"2d4ee9f9-7ff2-4b40-b2a8-9223166ec4c2","ActionPath":"/home/weixin","ActionType":1,"ActionElapsed":0,"TimeStamp":"0001-01-01T00:00:00","Host":null,"Level":null,"Content":"","Message":null}
2019-10-29 16:44:09,663 [13] INFO  WeiXinOpenPlatForm.Web.Filter.WeiXinActionFilterAttribute [(null)] - WeiXinOpenPlatForm.Core.Logs.ActionLog
2019-10-29 16:49:04,775 [9] INFO  WeiXinOpenPlatForm.Web.Filter.WeiXinActionFilterAttribute [(null)] - WeiXinOpenPlatForm.Core.Logs.ActionLog
2019-10-29 16:49:04,833 [9] INFO  WeiXinOpenPlatForm.Web.Filter.WeiXinActionFilterAttribute [(null)] - {"ApiVersion":"1.0","Ip":"::1","ActionId":"971b4670-2448-4bda-91c1-80630e574ff4","ActionPath":"/","ActionType":1,"ActionElapsed":0,"TimeStamp":"0001-01-01T00:00:00","Host":null,"Level":null,"Content":"","Message":null}
2019-10-29 16:49:04,900 [9] INFO  WeiXinOpenPlatForm.Web.Filter.WeiXinActionFilterAttribute [(null)] - WeiXinOpenPlatForm.Core.Logs.ActionLog
2019-10-29 16:49:44,779 [4] INFO  WeiXinOpenPlatForm.Web.Filter.WeiXinActionFilterAttribute [(null)] - WeiXinOpenPlatForm.Core.Logs.ActionLog
2019-10-29 16:49:44,780 [4] INFO  WeiXinOpenPlatForm.Web.Filter.WeiXinActionFilterAttribute [(null)] - {"ApiVersion":"1.0","Ip":"::1","ActionId":"5b95fa67-239b-4407-a654-359883943adb","ActionPath":"/home/weixin","ActionType":1,"ActionElapsed":0,"TimeStamp":"0001-01-01T00:00:00","Host":null,"Level":null,"Content":"","Message":null}
2019-10-29 16:49:51,589 [4] INFO  WeiXinOpenPlatForm.Web.Filter.WeiXinActionFilterAttribute [(null)] - WeiXinOpenPlatForm.Core.Logs.ActionLog
2019-10-29 16:49:58,415 [4] INFO  WeiXinOpenPlatForm.Web.Filter.WeiXinActionFilterAttribute [(null)] - WeiXinOpenPlatForm.Core.Logs.ActionLog
2019-10-29 16:49:58,415 [4] INFO  WeiXinOpenPlatForm.Web.Filter.WeiXinActionFilterAttribute [(null)] - {"ApiVersion":"1.0","Ip":"::1","ActionId":"5338e72a-98c8-4550-8441-99db59b2c6a5","ActionPath":"/home/weixin","ActionType":1,"ActionElapsed":0,"TimeStamp":"0001-01-01T00:00:00","Host":null,"Level":null,"Content":"","Message":null}
2019-10-29 16:50:04,768 [4] INFO  WeiXinOpenPlatForm.Web.Filter.WeiXinActionFilterAttribute [(null)] - WeiXinOpenPlatForm.Core.Logs.ActionLog
2019-10-29 16:50:24,732 [4] INFO  WeiXinOpenPlatForm.Web.Filter.WeiXinActionFilterAttribute [(null)] - WeiXinOpenPlatForm.Core.Logs.ActionLog
2019-10-29 16:50:24,732 [4] INFO  WeiXinOpenPlatForm.Web.Filter.WeiXinActionFilterAttribute [(null)] - {"ApiVersion":"1.0","Ip":"::1","ActionId":"6547015f-07ba-4a17-8154-4b8ba64f8d6e","ActionPath":"/home/weixin","ActionType":1,"ActionElapsed":0,"TimeStamp":"0001-01-01T00:00:00","Host":null,"Level":null,"Content":"","Message":null}
2019-10-29 16:59:23,774 [4] INFO  WeiXinOpenPlatForm.Web.Filter.WeiXinActionFilterAttribute [(null)] - WeiXinOpenPlatForm.Core.Logs.ActionLog
2019-10-29 16:59:23,846 [4] INFO  WeiXinOpenPlatForm.Web.Filter.WeiXinActionFilterAttribute [(null)] - {"ApiVersion":"1.0","Ip":"::1","ActionId":"0ed41d47-53df-4b4a-8bae-fe93b5b8e452","ActionPath":"/","ActionType":1,"ActionElapsed":0,"TimeStamp":"0001-01-01T00:00:00","Host":null,"Level":null,"Content":"","Message":null}
2019-10-29 16:59:23,943 [4] INFO  WeiXinOpenPlatForm.Web.Filter.WeiXinActionFilterAttribute [(null)] - WeiXinOpenPlatForm.Core.Logs.ActionLog
2019-10-29 17:07:17,976 [4] INFO  WeiXinOpenPlatForm.Web.Filter.WeiXinActionFilterAttribute [(null)] - WeiXinOpenPlatForm.Core.Logs.ActionLog
2019-10-29 17:07:18,034 [4] INFO  WeiXinOpenPlatForm.Web.Filter.WeiXinActionFilterAttribute [(null)] - {"ApiVersion":"1.0","Ip":"::1","ActionId":"4849e727-9302-464c-8148-f3ef3ebbd661","ActionPath":"/","ActionType":1,"ActionElapsed":0,"TimeStamp":"0001-01-01T00:00:00","Host":null,"Level":null,"Content":"","Message":null}
2019-10-29 17:07:18,135 [4] INFO  WeiXinOpenPlatForm.Web.Filter.WeiXinActionFilterAttribute [(null)] - WeiXinOpenPlatForm.Core.Logs.ActionLog
2019-10-29 17:07:36,833 [4] INFO  WeiXinOpenPlatForm.Web.Filter.WeiXinActionFilterAttribute [(null)] - WeiXinOpenPlatForm.Core.Logs.ActionLog
2019-10-29 17:07:36,833 [4] INFO  WeiXinOpenPlatForm.Web.Filter.WeiXinActionFilterAttribute [(null)] - {"ApiVersion":"1.0","Ip":"::1","ActionId":"9f6c7f41-2d88-44db-b5d2-48e80c8a99bd","ActionPath":"/home/weixin","ActionType":1,"ActionElapsed":0,"TimeStamp":"0001-01-01T00:00:00","Host":null,"Level":null,"Content":"","Message":null}
2019-10-29 17:08:53,254 [8] INFO  WeiXinOpenPlatForm.Web.Filter.WeiXinActionFilterAttribute [(null)] - WeiXinOpenPlatForm.Core.Logs.ActionLog
2019-10-29 17:08:53,364 [8] INFO  WeiXinOpenPlatForm.Web.Filter.WeiXinActionFilterAttribute [(null)] - {"ApiVersion":"1.0","Ip":"::1","ActionId":"f632ef12-c925-4669-a55c-df74d42453ed","ActionPath":"/","ActionType":1,"ActionElapsed":0,"TimeStamp":"0001-01-01T00:00:00","Host":null,"Level":null,"Content":"","Message":null}
2019-10-29 17:08:53,487 [8] INFO  WeiXinOpenPlatForm.Web.Filter.WeiXinActionFilterAttribute [(null)] - WeiXinOpenPlatForm.Core.Logs.ActionLog
2019-10-29 17:09:10,169 [4] INFO  WeiXinOpenPlatForm.Web.Filter.WeiXinActionFilterAttribute [(null)] - WeiXinOpenPlatForm.Core.Logs.ActionLog
2019-10-29 17:09:10,169 [4] INFO  WeiXinOpenPlatForm.Web.Filter.WeiXinActionFilterAttribute [(null)] - {"ApiVersion":"1.0","Ip":"::1","ActionId":"a6213e5b-fba5-4e71-9e28-8f39a97b8739","ActionPath":"/home/weixin","ActionType":1,"ActionElapsed":0,"TimeStamp":"0001-01-01T00:00:00","Host":null,"Level":null,"Content":"","Message":null}
2019-10-29 17:10:19,294 [4] INFO  WeiXinOpenPlatForm.Web.Filter.WeiXinActionFilterAttribute [(null)] - WeiXinOpenPlatForm.Core.Logs.ActionLog
2019-10-29 17:10:19,294 [10] INFO  WeiXinOpenPlatForm.Web.Filter.WeiXinActionFilterAttribute [(null)] - WeiXinOpenPlatForm.Core.Logs.ActionLog
2019-10-29 17:10:19,352 [4] INFO  WeiXinOpenPlatForm.Web.Filter.WeiXinActionFilterAttribute [(null)] - {"ApiVersion":"1.0","Ip":"::1","ActionId":"c3af3e9a-e9f0-41e4-8f55-37aa06e40722","ActionPath":"/home/weixin","ActionType":1,"ActionElapsed":0,"TimeStamp":"0001-01-01T00:00:00","Host":null,"Level":null,"Content":"","Message":null}
2019-10-29 17:10:19,352 [10] INFO  WeiXinOpenPlatForm.Web.Filter.WeiXinActionFilterAttribute [(null)] - {"ApiVersion":"1.0","Ip":"::1","ActionId":"19117508-ec0d-49ed-8618-7c1f8e46d0e9","ActionPath":"/","ActionType":1,"ActionElapsed":0,"TimeStamp":"0001-01-01T00:00:00","Host":null,"Level":null,"Content":"","Message":null}
2019-10-29 17:10:22,041 [10] INFO  WeiXinOpenPlatForm.Web.Filter.WeiXinActionFilterAttribute [(null)] - WeiXinOpenPlatForm.Core.Logs.ActionLog
2019-10-29 17:11:20,455 [4] INFO  WeiXinOpenPlatForm.Web.Filter.WeiXinActionFilterAttribute [(null)] - WeiXinOpenPlatForm.Core.Logs.ActionLog
2019-10-29 17:11:20,519 [4] INFO  WeiXinOpenPlatForm.Web.Filter.WeiXinActionFilterAttribute [(null)] - {"ApiVersion":"1.0","Ip":"::1","ActionId":"38131b15-16b4-47ae-ad1b-0d0a7198b461","ActionPath":"/","ActionType":1,"ActionElapsed":0,"TimeStamp":"0001-01-01T00:00:00","Host":null,"Level":null,"Content":"","Message":null}
2019-10-29 17:11:20,674 [4] INFO  WeiXinOpenPlatForm.Web.Filter.WeiXinActionFilterAttribute [(null)] - WeiXinOpenPlatForm.Core.Logs.ActionLog
2019-10-29 17:11:23,956 [4] INFO  WeiXinOpenPlatForm.Web.Filter.WeiXinActionFilterAttribute [(null)] - WeiXinOpenPlatForm.Core.Logs.ActionLog
2019-10-29 17:11:23,956 [4] INFO  WeiXinOpenPlatForm.Web.Filter.WeiXinActionFilterAttribute [(null)] - {"ApiVersion":"1.0","Ip":"::1","ActionId":"1d7f81c7-d024-466f-84cf-82b71e969877","ActionPath":"/home/weixin","ActionType":1,"ActionElapsed":0,"TimeStamp":"0001-01-01T00:00:00","Host":null,"Level":null,"Content":"","Message":null}
2019-10-29 17:31:31,749 [4] INFO  WeiXinOpenPlatForm.Web.Filter.WeiXinActionFilterAttribute [(null)] - WeiXinOpenPlatForm.Core.Logs.ActionLog
2019-10-29 17:39:06,982 [4] INFO  WeiXinOpenPlatForm.Web.Filter.WeiXinActionFilterAttribute [(null)] - WeiXinOpenPlatForm.Core.Logs.ActionLog
2019-10-29 17:39:07,039 [4] INFO  WeiXinOpenPlatForm.Web.Filter.WeiXinActionFilterAttribute [(null)] - {"ApiVersion":"1.0","Ip":"::1","ActionId":"ec6479d4-e1d8-4020-a9bf-1ec0dcca34d5","ActionPath":"/","ActionType":1,"ActionElapsed":0,"TimeStamp":"0001-01-01T00:00:00","Host":null,"Level":null,"Content":"","Message":null}
2019-10-29 17:39:07,152 [4] INFO  WeiXinOpenPlatForm.Web.Filter.WeiXinActionFilterAttribute [(null)] - WeiXinOpenPlatForm.Core.Logs.ActionLog
2019-10-29 17:39:09,949 [4] INFO  WeiXinOpenPlatForm.Web.Filter.WeiXinActionFilterAttribute [(null)] - WeiXinOpenPlatForm.Core.Logs.ActionLog
2019-10-29 17:39:09,949 [4] INFO  WeiXinOpenPlatForm.Web.Filter.WeiXinActionFilterAttribute [(null)] - {"ApiVersion":"1.0","Ip":"::1","ActionId":"6f5537b9-ff71-413f-bb48-09ce6d89fb1f","ActionPath":"/home/weixin","ActionType":1,"ActionElapsed":0,"TimeStamp":"0001-01-01T00:00:00","Host":null,"Level":null,"Content":"","Message":null}
2019-10-29 17:40:29,705 [4] INFO  WeiXinOpenPlatForm.Web.Filter.WeiXinActionFilterAttribute [(null)] - WeiXinOpenPlatForm.Core.Logs.ActionLog
2019-10-29 17:40:32,335 [4] INFO  WeiXinOpenPlatForm.Web.Filter.WeiXinActionFilterAttribute [(null)] - WeiXinOpenPlatForm.Core.Logs.ActionLog
2019-10-29 17:40:32,336 [4] INFO  WeiXinOpenPlatForm.Web.Filter.WeiXinActionFilterAttribute [(null)] - {"ApiVersion":"1.0","Ip":"::1","ActionId":"918db7a3-0bff-4025-b8d5-9a4b10b840bf","ActionPath":"/home/weixin","ActionType":1,"ActionElapsed":0,"TimeStamp":"0001-01-01T00:00:00","Host":null,"Level":null,"Content":"","Message":null}
