2019-10-30 10:25:45,843 [5] INFO  WeiXinOpenPlatForm.Web.Filter.WeiXinActionFilterAttribute [(null)] - WeiXinOpenPlatForm.Core.Logs.ActionLog
2019-10-30 10:25:45,919 [5] INFO  WeiXinOpenPlatForm.Web.Filter.WeiXinActionFilterAttribute [(null)] - {"ApiVersion":"1.0","Ip":"::1","ActionId":"a9172cc6-d925-4eb3-98a0-c314a9593d38","ActionPath":"/","ActionType":1,"ActionElapsed":0,"TimeStamp":"0001-01-01T00:00:00","Host":null,"Level":null,"Content":"","Message":null}
2019-10-30 10:25:46,037 [5] INFO  WeiXinOpenPlatForm.Web.Filter.WeiXinActionFilterAttribute [(null)] - WeiXinOpenPlatForm.Core.Logs.ActionLog
2019-10-30 10:26:12,176 [7] INFO  WeiXinOpenPlatForm.Web.Filter.WeiXinActionFilterAttribute [(null)] - WeiXinOpenPlatForm.Core.Logs.ActionLog
2019-10-30 10:26:12,177 [7] INFO  WeiXinOpenPlatForm.Web.Filter.WeiXinActionFilterAttribute [(null)] - {"ApiVersion":"1.0","Ip":"::1","ActionId":"b4dce181-d1ba-4a72-9de2-2a7d2c45983f","ActionPath":"/home/weixin","ActionType":1,"ActionElapsed":0,"TimeStamp":"0001-01-01T00:00:00","Host":null,"Level":null,"Content":"","Message":null}
2019-10-30 10:26:30,792 [7] INFO  WeiXinOpenPlatForm.Web.Filter.WeiXinActionFilterAttribute [(null)] - WeiXinOpenPlatForm.Core.Logs.ActionLog
2019-10-30 10:31:11,436 [4] INFO  WeiXinOpenPlatForm.Web.Filter.WeiXinActionFilterAttribute [(null)] - WeiXinOpenPlatForm.Core.Logs.ActionLog
2019-10-30 10:31:11,500 [4] INFO  WeiXinOpenPlatForm.Web.Filter.WeiXinActionFilterAttribute [(null)] - {"ApiVersion":"1.0","Ip":"::1","ActionId":"eb541328-c2cc-4504-93a8-2858f01f8ed6","ActionPath":"/","ActionType":1,"ActionElapsed":0,"TimeStamp":"0001-01-01T00:00:00","Host":null,"Level":null,"Content":"","Message":null}
2019-10-30 10:31:11,594 [4] INFO  WeiXinOpenPlatForm.Web.Filter.WeiXinActionFilterAttribute [(null)] - WeiXinOpenPlatForm.Core.Logs.ActionLog
2019-10-30 10:31:14,041 [4] INFO  WeiXinOpenPlatForm.Web.Filter.WeiXinActionFilterAttribute [(null)] - WeiXinOpenPlatForm.Core.Logs.ActionLog
2019-10-30 10:31:14,041 [4] INFO  WeiXinOpenPlatForm.Web.Filter.WeiXinActionFilterAttribute [(null)] - {"ApiVersion":"1.0","Ip":"::1","ActionId":"9808c0b6-e76f-4579-837a-14bcecaebc8e","ActionPath":"/home/weixin","ActionType":1,"ActionElapsed":0,"TimeStamp":"0001-01-01T00:00:00","Host":null,"Level":null,"Content":"","Message":null}
2019-10-30 10:31:24,152 [4] INFO  WeiXinOpenPlatForm.Web.Filter.WeiXinActionFilterAttribute [(null)] - WeiXinOpenPlatForm.Core.Logs.ActionLog
2019-10-30 10:32:32,092 [4] INFO  WeiXinOpenPlatForm.Web.Filter.WeiXinActionFilterAttribute [(null)] - WeiXinOpenPlatForm.Core.Logs.ActionLog
2019-10-30 10:32:32,092 [9] INFO  WeiXinOpenPlatForm.Web.Filter.WeiXinActionFilterAttribute [(null)] - WeiXinOpenPlatForm.Core.Logs.ActionLog
2019-10-30 10:32:32,155 [9] INFO  WeiXinOpenPlatForm.Web.Filter.WeiXinActionFilterAttribute [(null)] - {"ApiVersion":"1.0","Ip":"::1","ActionId":"128e66cb-f67c-4178-b6ef-320bf8aa9157","ActionPath":"/home/weixin","ActionType":1,"ActionElapsed":0,"TimeStamp":"0001-01-01T00:00:00","Host":null,"Level":null,"Content":"","Message":null}
2019-10-30 10:32:32,159 [4] INFO  WeiXinOpenPlatForm.Web.Filter.WeiXinActionFilterAttribute [(null)] - {"ApiVersion":"1.0","Ip":"::1","ActionId":"d3974c48-a080-4686-bdad-70b53faa7791","ActionPath":"/","ActionType":1,"ActionElapsed":0,"TimeStamp":"0001-01-01T00:00:00","Host":null,"Level":null,"Content":"","Message":null}
2019-10-30 10:32:36,052 [4] INFO  WeiXinOpenPlatForm.Web.Filter.WeiXinActionFilterAttribute [(null)] - WeiXinOpenPlatForm.Core.Logs.ActionLog
2019-10-30 10:34:02,759 [11] INFO  WeiXinOpenPlatForm.Web.Filter.WeiXinActionFilterAttribute [(null)] - WeiXinOpenPlatForm.Core.Logs.ActionLog
2019-10-30 10:34:02,759 [7] INFO  WeiXinOpenPlatForm.Web.Filter.WeiXinActionFilterAttribute [(null)] - WeiXinOpenPlatForm.Core.Logs.ActionLog
2019-10-30 10:34:02,840 [11] INFO  WeiXinOpenPlatForm.Web.Filter.WeiXinActionFilterAttribute [(null)] - {"ApiVersion":"1.0","Ip":"::1","ActionId":"2138a987-a8a2-4756-bec5-ba3ec7a8bafb","ActionPath":"/","ActionType":1,"ActionElapsed":0,"TimeStamp":"0001-01-01T00:00:00","Host":null,"Level":null,"Content":"","Message":null}
2019-10-30 10:34:02,840 [7] INFO  WeiXinOpenPlatForm.Web.Filter.WeiXinActionFilterAttribute [(null)] - {"ApiVersion":"1.0","Ip":"::1","ActionId":"0caece50-a702-45f2-8363-5af350f0424f","ActionPath":"/home/weixin","ActionType":1,"ActionElapsed":0,"TimeStamp":"0001-01-01T00:00:00","Host":null,"Level":null,"Content":"","Message":null}
2019-10-30 10:34:11,112 [11] INFO  WeiXinOpenPlatForm.Web.Filter.WeiXinActionFilterAttribute [(null)] - WeiXinOpenPlatForm.Core.Logs.ActionLog
2019-10-30 10:34:45,434 [7] INFO  WeiXinOpenPlatForm.Web.Filter.WeiXinActionFilterAttribute [(null)] - WeiXinOpenPlatForm.Core.Logs.ActionLog
2019-10-30 10:35:13,115 [14] INFO  WeiXinOpenPlatForm.Web.Filter.WeiXinActionFilterAttribute [(null)] - WeiXinOpenPlatForm.Core.Logs.ActionLog
2019-10-30 10:35:13,115 [14] INFO  WeiXinOpenPlatForm.Web.Filter.WeiXinActionFilterAttribute [(null)] - {"ApiVersion":"1.0","Ip":"::1","ActionId":"85d2c476-e44b-46f0-8400-c6634ff35aca","ActionPath":"/home/weixin","ActionType":1,"ActionElapsed":0,"TimeStamp":"0001-01-01T00:00:00","Host":null,"Level":null,"Content":"","Message":null}
2019-10-30 10:36:16,872 [14] INFO  WeiXinOpenPlatForm.Web.Filter.WeiXinActionFilterAttribute [(null)] - WeiXinOpenPlatForm.Core.Logs.ActionLog
2019-10-30 10:46:55,274 [7] INFO  WeiXinOpenPlatForm.Web.Filter.WeiXinActionFilterAttribute [(null)] - WeiXinOpenPlatForm.Core.Logs.ActionLog
2019-10-30 10:46:55,336 [7] INFO  WeiXinOpenPlatForm.Web.Filter.WeiXinActionFilterAttribute [(null)] - {"ApiVersion":"1.0","Ip":"::1","ActionId":"89d6f44b-d90e-4450-aaf8-27940a879405","ActionPath":"/","ActionType":1,"ActionElapsed":0,"TimeStamp":"0001-01-01T00:00:00","Host":null,"Level":null,"Content":"","Message":null}
2019-10-30 10:46:55,452 [7] INFO  WeiXinOpenPlatForm.Web.Filter.WeiXinActionFilterAttribute [(null)] - WeiXinOpenPlatForm.Core.Logs.ActionLog
2019-10-30 10:46:57,826 [4] INFO  WeiXinOpenPlatForm.Web.Filter.WeiXinActionFilterAttribute [(null)] - WeiXinOpenPlatForm.Core.Logs.ActionLog
2019-10-30 10:46:57,827 [4] INFO  WeiXinOpenPlatForm.Web.Filter.WeiXinActionFilterAttribute [(null)] - {"ApiVersion":"1.0","Ip":"::1","ActionId":"988f5b9e-dd00-4561-b3ce-cb7e5da45013","ActionPath":"/home/weixin","ActionType":1,"ActionElapsed":0,"TimeStamp":"0001-01-01T00:00:00","Host":null,"Level":null,"Content":"?signature=cf64b665267350382d055b7a6626cd8440e02b22&timestamp=1572403304&nonce=1463871068&openid=oZheluF2hlB6vkYGcho5iQPC9ULE","Message":null}
2019-10-30 10:50:36,394 [4] INFO  WeiXinOpenPlatForm.Web.Filter.WeiXinActionFilterAttribute [(null)] - WeiXinOpenPlatForm.Core.Logs.ActionLog
2019-10-30 10:50:36,459 [4] INFO  WeiXinOpenPlatForm.Web.Filter.WeiXinActionFilterAttribute [(null)] - {"ApiVersion":"1.0","Ip":"::1","ActionId":"563d0fa5-70c7-4b67-8101-35f6f1972b4a","ActionPath":"/","ActionType":1,"ActionElapsed":0,"TimeStamp":"0001-01-01T00:00:00","Host":null,"Level":null,"Content":"","Message":null}
2019-10-30 10:50:36,556 [4] INFO  WeiXinOpenPlatForm.Web.Filter.WeiXinActionFilterAttribute [(null)] - WeiXinOpenPlatForm.Core.Logs.ActionLog
2019-10-30 10:50:38,957 [4] INFO  WeiXinOpenPlatForm.Web.Filter.WeiXinActionFilterAttribute [(null)] - WeiXinOpenPlatForm.Core.Logs.ActionLog
2019-10-30 10:50:38,957 [4] INFO  WeiXinOpenPlatForm.Web.Filter.WeiXinActionFilterAttribute [(null)] - {"ApiVersion":"1.0","Ip":"::1","ActionId":"51864fdb-c741-4bd9-b4e9-c7d974274993","ActionPath":"/home/weixin","ActionType":1,"ActionElapsed":0,"TimeStamp":"0001-01-01T00:00:00","Host":null,"Level":null,"Content":"?signature=cf64b665267350382d055b7a6626cd8440e02b22&timestamp=1572403304&nonce=1463871068&openid=oZheluF2hlB6vkYGcho5iQPC9ULE","Message":null}
2019-10-30 10:50:52,220 [4] INFO  WeiXinOpenPlatForm.Web.Filter.WeiXinActionFilterAttribute [(null)] - <xml>
<ToUserName><![CDATA[gh_64b0aeb7f241]]></ToUserName>
<FromUserName><![CDATA[oZheluF2hlB6vkYGcho5iQPC9ULE]]></FromUserName>
<CreateTime>1572403303</CreateTime>
<MsgType><![CDATA[text]]></MsgType>
<Content><![CDATA[测试]]></Content>
<MsgId>22511402418549842</MsgId>
</xml>
2019-10-30 10:52:26,617 [4] INFO  WeiXinOpenPlatForm.Web.Filter.WeiXinActionFilterAttribute [(null)] - WeiXinOpenPlatForm.Core.Logs.ActionLog
2019-10-30 10:56:28,189 [4] INFO  WeiXinOpenPlatForm.Web.Filter.WeiXinActionFilterAttribute [(null)] - WeiXinOpenPlatForm.Core.Logs.ActionLog
2019-10-30 10:56:28,245 [4] INFO  WeiXinOpenPlatForm.Web.Filter.WeiXinActionFilterAttribute [(null)] - {"ApiVersion":"1.0","Ip":"::1","ActionId":"41507ab5-88e6-4e28-9459-8bd8937ab7d5","ActionPath":"/","ActionType":1,"ActionElapsed":0,"TimeStamp":"0001-01-01T00:00:00","Host":null,"Level":null,"Content":"","Message":null}
2019-10-30 10:56:28,338 [4] INFO  WeiXinOpenPlatForm.Web.Filter.WeiXinActionFilterAttribute [(null)] - WeiXinOpenPlatForm.Core.Logs.ActionLog
2019-10-30 10:56:30,919 [4] INFO  WeiXinOpenPlatForm.Web.Filter.WeiXinActionFilterAttribute [(null)] - WeiXinOpenPlatForm.Core.Logs.ActionLog
2019-10-30 10:56:30,920 [4] INFO  WeiXinOpenPlatForm.Web.Filter.WeiXinActionFilterAttribute [(null)] - {"ApiVersion":"1.0","Ip":"::1","ActionId":"98056b6b-1816-4383-b141-60156b5fab85","ActionPath":"/home/weixin","ActionType":1,"ActionElapsed":0,"TimeStamp":"0001-01-01T00:00:00","Host":null,"Level":null,"Content":"?signature=cf64b665267350382d055b7a6626cd8440e02b22&timestamp=1572403304&nonce=1463871068&openid=oZheluF2hlB6vkYGcho5iQPC9ULE","Message":null}
2019-10-30 10:56:35,785 [4] INFO  WeiXinOpenPlatForm.Web.Filter.WeiXinActionFilterAttribute [(null)] - <xml>
<ToUserName><![CDATA[gh_64b0aeb7f241]]></ToUserName>
<FromUserName><![CDATA[oZheluF2hlB6vkYGcho5iQPC9ULE]]></FromUserName>
<CreateTime>1572403303</CreateTime>
<MsgType><![CDATA[text]]></MsgType>
<Content><![CDATA[测试]]></Content>
<MsgId>22511402418549842</MsgId>
</xml>
2019-10-30 10:57:57,270 [4] INFO  WeiXinOpenPlatForm.Web.Filter.WeiXinActionFilterAttribute [(null)] - WeiXinOpenPlatForm.Core.Logs.ActionLog
2019-10-30 10:59:40,342 [9] INFO  WeiXinOpenPlatForm.Web.Filter.WeiXinActionFilterAttribute [(null)] - WeiXinOpenPlatForm.Core.Logs.ActionLog
2019-10-30 10:59:40,399 [9] INFO  WeiXinOpenPlatForm.Web.Filter.WeiXinActionFilterAttribute [(null)] - {"ApiVersion":"1.0","Ip":"::1","ActionId":"e078e766-7557-426d-a502-59bc87a2a9d9","ActionPath":"/","ActionType":1,"ActionElapsed":0,"TimeStamp":"0001-01-01T00:00:00","Host":null,"Level":null,"Content":"","Message":null}
2019-10-30 10:59:40,591 [9] INFO  WeiXinOpenPlatForm.Web.Filter.WeiXinActionFilterAttribute [(null)] - WeiXinOpenPlatForm.Core.Logs.ActionLog
2019-10-30 10:59:48,428 [4] INFO  WeiXinOpenPlatForm.Web.Filter.WeiXinActionFilterAttribute [(null)] - WeiXinOpenPlatForm.Core.Logs.ActionLog
2019-10-30 10:59:48,429 [4] INFO  WeiXinOpenPlatForm.Web.Filter.WeiXinActionFilterAttribute [(null)] - {"ApiVersion":"1.0","Ip":"::1","ActionId":"43ffa70c-1085-482e-b60f-d6c8af8fc5b1","ActionPath":"/home/weixin","ActionType":1,"ActionElapsed":0,"TimeStamp":"0001-01-01T00:00:00","Host":null,"Level":null,"Content":"?signature=cf64b665267350382d055b7a6626cd8440e02b22&timestamp=1572403304&nonce=1463871068&openid=oZheluF2hlB6vkYGcho5iQPC9ULE","Message":null}
2019-10-30 10:59:49,974 [4] INFO  WeiXinOpenPlatForm.Web.Filter.WeiXinActionFilterAttribute [(null)] - <xml>
<ToUserName><![CDATA[gh_64b0aeb7f241]]></ToUserName>
<FromUserName><![CDATA[oZheluF2hlB6vkYGcho5iQPC9ULE]]></FromUserName>
<CreateTime>1572403303</CreateTime>
<MsgType><![CDATA[text]]></MsgType>
<Content><![CDATA[测试]]></Content>
<MsgId>22511402418549842</MsgId>
</xml>
2019-10-30 10:59:57,023 [4] INFO  WeiXinOpenPlatForm.Web.Filter.WeiXinActionFilterAttribute [(null)] - WeiXinOpenPlatForm.Core.Logs.ActionLog
2019-10-30 11:04:13,182 [4] INFO  WeiXinOpenPlatForm.Web.Filter.WeiXinActionFilterAttribute [(null)] - WeiXinOpenPlatForm.Core.Logs.ActionLog
2019-10-30 11:04:13,240 [4] INFO  WeiXinOpenPlatForm.Web.Filter.WeiXinActionFilterAttribute [(null)] - {"ApiVersion":"1.0","Ip":"::1","ActionId":"397aeb82-8042-4be2-ad91-13178453c80b","ActionPath":"/","ActionType":1,"ActionElapsed":0,"TimeStamp":"0001-01-01T00:00:00","Host":null,"Level":null,"Content":"","Message":null}
2019-10-30 11:04:13,355 [4] INFO  WeiXinOpenPlatForm.Web.Filter.WeiXinActionFilterAttribute [(null)] - WeiXinOpenPlatForm.Core.Logs.ActionLog
2019-10-30 11:04:29,067 [4] INFO  WeiXinOpenPlatForm.Web.Filter.WeiXinActionFilterAttribute [(null)] - WeiXinOpenPlatForm.Core.Logs.ActionLog
2019-10-30 11:04:29,068 [4] INFO  WeiXinOpenPlatForm.Web.Filter.WeiXinActionFilterAttribute [(null)] - {"ApiVersion":"1.0","Ip":"::1","ActionId":"a4758650-c077-4dcd-87a6-e21392804838","ActionPath":"/home/weixin","ActionType":1,"ActionElapsed":0,"TimeStamp":"0001-01-01T00:00:00","Host":null,"Level":null,"Content":"?signature=cf64b665267350382d055b7a6626cd8440e02b22&timestamp=1572403304&nonce=1463871068&openid=oZheluF2hlB6vkYGcho5iQPC9ULE","Message":null}
2019-10-30 11:04:31,661 [4] INFO  WeiXinOpenPlatForm.Web.Filter.WeiXinActionFilterAttribute [(null)] - <xml>
<ToUserName><![CDATA[gh_64b0aeb7f241]]></ToUserName>
<FromUserName><![CDATA[oZheluF2hlB6vkYGcho5iQPC9ULE]]></FromUserName>
<CreateTime>1572403303</CreateTime>
<MsgType><![CDATA[text]]></MsgType>
<Content><![CDATA[测试]]></Content>
<MsgId>22511402418549842</MsgId>
</xml>
2019-10-30 11:05:06,934 [4] INFO  WeiXinOpenPlatForm.Web.Filter.WeiXinActionFilterAttribute [(null)] - WeiXinOpenPlatForm.Core.Logs.ActionLog
2019-10-30 11:07:00,306 [4] INFO  WeiXinOpenPlatForm.Web.Filter.WeiXinActionFilterAttribute [(null)] - WeiXinOpenPlatForm.Core.Logs.ActionLog
2019-10-30 11:07:00,362 [4] INFO  WeiXinOpenPlatForm.Web.Filter.WeiXinActionFilterAttribute [(null)] - {"ApiVersion":"1.0","Ip":"::1","ActionId":"a58704ff-59c8-4ab6-976b-52d90a968616","ActionPath":"/","ActionType":1,"ActionElapsed":0,"TimeStamp":"0001-01-01T00:00:00","Host":null,"Level":null,"Content":"","Message":null}
2019-10-30 11:07:03,648 [4] INFO  WeiXinOpenPlatForm.Web.Filter.WeiXinActionFilterAttribute [(null)] - {"ApiVersion":"1.0","Ip":"::1","ActionId":"a58704ff-59c8-4ab6-976b-52d90a968616","ActionPath":"/","ActionType":3,"ActionElapsed":34102643,"TimeStamp":"0001-01-01T00:00:00","Host":null,"Level":null,"Content":"{\"StatusCode\":null,\"ViewName\":null,\"Model\":null,\"ViewData\":{},\"TempData\":{},\"ViewEngine\":null,\"ContentType\":null}","Message":null}
2019-10-30 11:07:09,072 [12] INFO  WeiXinOpenPlatForm.Web.Filter.WeiXinActionFilterAttribute [(null)] - WeiXinOpenPlatForm.Core.Logs.ActionLog
2019-10-30 11:07:09,072 [12] INFO  WeiXinOpenPlatForm.Web.Filter.WeiXinActionFilterAttribute [(null)] - {"ApiVersion":"1.0","Ip":"::1","ActionId":"32af7240-fbc7-493e-93ac-fb12c837c9c0","ActionPath":"/home/weixin","ActionType":1,"ActionElapsed":0,"TimeStamp":"0001-01-01T00:00:00","Host":null,"Level":null,"Content":"?signature=cf64b665267350382d055b7a6626cd8440e02b22&timestamp=1572403304&nonce=1463871068&openid=oZheluF2hlB6vkYGcho5iQPC9ULE","Message":null}
2019-10-30 11:07:10,035 [12] INFO  WeiXinOpenPlatForm.Web.Filter.WeiXinActionFilterAttribute [(null)] - <xml>
<ToUserName><![CDATA[gh_64b0aeb7f241]]></ToUserName>
<FromUserName><![CDATA[oZheluF2hlB6vkYGcho5iQPC9ULE]]></FromUserName>
<CreateTime>1572403303</CreateTime>
<MsgType><![CDATA[text]]></MsgType>
<Content><![CDATA[测试]]></Content>
<MsgId>22511402418549842</MsgId>
</xml>
2019-10-30 11:07:17,756 [12] INFO  WeiXinOpenPlatForm.Web.Filter.WeiXinActionFilterAttribute [(null)] - {"ApiVersion":"1.0","Ip":"::1","ActionId":"32af7240-fbc7-493e-93ac-fb12c837c9c0","ActionPath":"/home/weixin","ActionType":3,"ActionElapsed":78364427,"TimeStamp":"0001-01-01T00:00:00","Host":null,"Level":null,"Content":"{\"Content\":\"<xml>\\r\\n  <ToUserName><![CDATA[gh_64b0aeb7f241]]></ToUserName>\\r\\n  <FromUserName><![CDATA[oZheluF2hlB6vkYGcho5iQPC9ULE]]></FromUserName>\\r\\n  <CreateTime>12345678</CreateTime>\\r\\n  <MsgType><![CDATA[text]]></MsgType>\\r\\n  <Content><![CDATA[你好]]></Content>\\r\\n</xml>\",\"ContentType\":null,\"StatusCode\":null}","Message":null}
2019-10-30 13:28:56,968 [4] INFO  WeiXinOpenPlatForm.Web.Filter.WeiXinActionFilterAttribute [(null)] - WeiXinOpenPlatForm.Core.Logs.ActionLog
2019-10-30 13:28:57,044 [4] INFO  WeiXinOpenPlatForm.Web.Filter.WeiXinActionFilterAttribute [(null)] - {"ApiVersion":"1.0","Ip":"::1","ActionId":"65887534-f94b-4ca2-bca8-bf0711ee27fd","ActionPath":"/","ActionType":1,"ActionElapsed":0,"TimeStamp":"0001-01-01T00:00:00","Host":null,"Level":null,"Content":"","Message":null}
2019-10-30 13:28:58,569 [4] INFO  WeiXinOpenPlatForm.Web.Filter.WeiXinActionFilterAttribute [(null)] - {"ApiVersion":"1.0","Ip":"::1","ActionId":"65887534-f94b-4ca2-bca8-bf0711ee27fd","ActionPath":"/","ActionType":3,"ActionElapsed":17162891,"TimeStamp":"0001-01-01T00:00:00","Host":null,"Level":null,"Content":"{\"StatusCode\":null,\"ViewName\":null,\"Model\":null,\"ViewData\":{},\"TempData\":{},\"ViewEngine\":null,\"ContentType\":null}","Message":null}
2019-10-30 13:29:05,571 [4] INFO  WeiXinOpenPlatForm.Web.Filter.WeiXinActionFilterAttribute [(null)] - WeiXinOpenPlatForm.Core.Logs.ActionLog
2019-10-30 13:29:05,572 [4] INFO  WeiXinOpenPlatForm.Web.Filter.WeiXinActionFilterAttribute [(null)] - {"ApiVersion":"1.0","Ip":"::1","ActionId":"90578c91-9913-4648-8b5e-435677294778","ActionPath":"/home/weixin","ActionType":1,"ActionElapsed":0,"TimeStamp":"0001-01-01T00:00:00","Host":null,"Level":null,"Content":"?signature=cf64b665267350382d055b7a6626cd8440e02b22&timestamp=1572403304&nonce=1463871068&openid=oZheluF2hlB6vkYGcho5iQPC9ULE","Message":null}
2019-10-30 13:29:08,054 [4] INFO  WeiXinOpenPlatForm.Web.Filter.WeiXinActionFilterAttribute [(null)] - <xml>
<ToUserName><![CDATA[gh_64b0aeb7f241]]></ToUserName>
<FromUserName><![CDATA[oZheluF2hlB6vkYGcho5iQPC9ULE]]></FromUserName>
<CreateTime>1572403303</CreateTime>
<MsgType><![CDATA[text]]></MsgType>
<Content><![CDATA[测试]]></Content>
<MsgId>22511402418549842</MsgId>
</xml>
2019-10-30 13:29:10,778 [4] INFO  WeiXinOpenPlatForm.Web.Filter.WeiXinActionFilterAttribute [(null)] - {"ApiVersion":"1.0","Ip":"::1","ActionId":"90578c91-9913-4648-8b5e-435677294778","ActionPath":"/home/weixin","ActionType":3,"ActionElapsed":52046371,"TimeStamp":"0001-01-01T00:00:00","Host":null,"Level":null,"Content":"{\"Content\":\"<xml>\\r\\n  <ToUserName><![CDATA[gh_64b0aeb7f241]]></ToUserName>\\r\\n  <FromUserName><![CDATA[oZheluF2hlB6vkYGcho5iQPC9ULE]]></FromUserName>\\r\\n  <CreateTime>637080389494265091</CreateTime>\\r\\n  <MsgType><![CDATA[text]]></MsgType>\\r\\n  <Content><![CDATA[你好]]></Content>\\r\\n</xml>\",\"ContentType\":\"application/xml\",\"StatusCode\":null}","Message":null}
2019-10-30 13:30:53,583 [4] INFO  WeiXinOpenPlatForm.Web.Filter.WeiXinActionFilterAttribute [(null)] - WeiXinOpenPlatForm.Core.Logs.ActionLog
2019-10-30 13:30:53,648 [4] INFO  WeiXinOpenPlatForm.Web.Filter.WeiXinActionFilterAttribute [(null)] - {"ApiVersion":"1.0","Ip":"::1","ActionId":"83563138-d38e-4c27-980c-f11f659d690f","ActionPath":"/","ActionType":1,"ActionElapsed":0,"TimeStamp":"0001-01-01T00:00:00","Host":null,"Level":null,"Content":"","Message":null}
2019-10-30 13:31:31,814 [4] INFO  WeiXinOpenPlatForm.Web.Filter.WeiXinActionFilterAttribute [(null)] - {"ApiVersion":"1.0","Ip":"::1","ActionId":"83563138-d38e-4c27-980c-f11f659d690f","ActionPath":"/","ActionType":3,"ActionElapsed":383049737,"TimeStamp":"0001-01-01T00:00:00","Host":null,"Level":null,"Content":"{\"StatusCode\":null,\"ViewName\":null,\"Model\":null,\"ViewData\":{},\"TempData\":{},\"ViewEngine\":null,\"ContentType\":null}","Message":null}
2019-10-30 13:31:36,081 [4] INFO  WeiXinOpenPlatForm.Web.Filter.WeiXinActionFilterAttribute [(null)] - WeiXinOpenPlatForm.Core.Logs.ActionLog
2019-10-30 13:31:36,082 [4] INFO  WeiXinOpenPlatForm.Web.Filter.WeiXinActionFilterAttribute [(null)] - {"ApiVersion":"1.0","Ip":"::1","ActionId":"ec8e82dc-4f45-40b5-90b7-04ecd5043ce9","ActionPath":"/home/weixin","ActionType":1,"ActionElapsed":0,"TimeStamp":"0001-01-01T00:00:00","Host":null,"Level":null,"Content":"?signature=cf64b665267350382d055b7a6626cd8440e02b22&timestamp=1572403304&nonce=1463871068&openid=oZheluF2hlB6vkYGcho5iQPC9ULE","Message":null}
2019-10-30 13:31:37,070 [4] INFO  WeiXinOpenPlatForm.Web.Filter.WeiXinActionFilterAttribute [(null)] - <xml>
<ToUserName><![CDATA[gh_64b0aeb7f241]]></ToUserName>
<FromUserName><![CDATA[oZheluF2hlB6vkYGcho5iQPC9ULE]]></FromUserName>
<CreateTime>1572403303</CreateTime>
<MsgType><![CDATA[text]]></MsgType>
<Content><![CDATA[测试]]></Content>
<MsgId>22511402418549842</MsgId>
</xml>
2019-10-30 13:31:39,704 [4] INFO  WeiXinOpenPlatForm.Web.Filter.WeiXinActionFilterAttribute [(null)] - {"ApiVersion":"1.0","Ip":"::1","ActionId":"ec8e82dc-4f45-40b5-90b7-04ecd5043ce9","ActionPath":"/home/weixin","ActionType":3,"ActionElapsed":36209422,"TimeStamp":"0001-01-01T00:00:00","Host":null,"Level":null,"Content":"{\"Content\":\"<xml>\\r\\n  <ToUserName><![CDATA[gh_64b0aeb7f241]]></ToUserName>\\r\\n  <FromUserName><![CDATA[oZheluF2hlB6vkYGcho5iQPC9ULE]]></FromUserName>\\r\\n  <CreateTime>1572413498</CreateTime>\\r\\n  <MsgType><![CDATA[text]]></MsgType>\\r\\n  <Content><![CDATA[你好]]></Content>\\r\\n</xml>\",\"ContentType\":\"application/xml\",\"StatusCode\":null}","Message":null}
2019-10-30 13:31:46,130 [4] INFO  WeiXinOpenPlatForm.Web.Filter.WeiXinActionFilterAttribute [(null)] - WeiXinOpenPlatForm.Core.Logs.ActionLog
2019-10-30 13:31:46,131 [4] INFO  WeiXinOpenPlatForm.Web.Filter.WeiXinActionFilterAttribute [(null)] - {"ApiVersion":"1.0","Ip":"::1","ActionId":"5e8a6808-2f6a-44b2-9733-f9e4c8f13ad1","ActionPath":"/home/weixin","ActionType":1,"ActionElapsed":0,"TimeStamp":"0001-01-01T00:00:00","Host":null,"Level":null,"Content":"?signature=cf64b665267350382d055b7a6626cd8440e02b22&timestamp=1572403304&nonce=1463871068&openid=oZheluF2hlB6vkYGcho5iQPC9ULE","Message":null}
2019-10-30 13:31:47,766 [4] INFO  WeiXinOpenPlatForm.Web.Filter.WeiXinActionFilterAttribute [(null)] - <xml>
<ToUserName><![CDATA[gh_64b0aeb7f241]]></ToUserName>
<FromUserName><![CDATA[oZheluF2hlB6vkYGcho5iQPC9ULE]]></FromUserName>
<CreateTime>1572403303</CreateTime>
<MsgType><![CDATA[text]]></MsgType>
<Content><![CDATA[测试]]></Content>
<MsgId>22511402418549842</MsgId>
</xml>
2019-10-30 13:31:51,314 [4] INFO  WeiXinOpenPlatForm.Web.Filter.WeiXinActionFilterAttribute [(null)] - {"ApiVersion":"1.0","Ip":"::1","ActionId":"5e8a6808-2f6a-44b2-9733-f9e4c8f13ad1","ActionPath":"/home/weixin","ActionType":3,"ActionElapsed":51835876,"TimeStamp":"0001-01-01T00:00:00","Host":null,"Level":null,"Content":"{\"Content\":\"<xml>\\r\\n  <ToUserName><![CDATA[gh_64b0aeb7f241]]></ToUserName>\\r\\n  <FromUserName><![CDATA[oZheluF2hlB6vkYGcho5iQPC9ULE]]></FromUserName>\\r\\n  <CreateTime>1572413508</CreateTime>\\r\\n  <MsgType><![CDATA[text]]></MsgType>\\r\\n  <Content><![CDATA[你好]]></Content>\\r\\n</xml>\",\"ContentType\":\"application/xml\",\"StatusCode\":null}","Message":null}
2019-10-30 13:31:56,143 [11] INFO  WeiXinOpenPlatForm.Web.Filter.WeiXinActionFilterAttribute [(null)] - WeiXinOpenPlatForm.Core.Logs.ActionLog
2019-10-30 13:31:56,144 [11] INFO  WeiXinOpenPlatForm.Web.Filter.WeiXinActionFilterAttribute [(null)] - {"ApiVersion":"1.0","Ip":"::1","ActionId":"a5fabe26-4649-478a-ba2a-e4cafeb84238","ActionPath":"/home/weixin","ActionType":1,"ActionElapsed":0,"TimeStamp":"0001-01-01T00:00:00","Host":null,"Level":null,"Content":"?signature=cf64b665267350382d055b7a6626cd8440e02b22&timestamp=1572403304&nonce=1463871068&openid=oZheluF2hlB6vkYGcho5iQPC9ULE","Message":null}
2019-10-30 13:31:58,082 [11] INFO  WeiXinOpenPlatForm.Web.Filter.WeiXinActionFilterAttribute [(null)] - <xml>
<ToUserName><![CDATA[gh_64b0aeb7f241]]></ToUserName>
<FromUserName><![CDATA[oZheluF2hlB6vkYGcho5iQPC9ULE]]></FromUserName>
<CreateTime>1572403303</CreateTime>
<MsgType><![CDATA[text]]></MsgType>
<Content><![CDATA[测试]]></Content>
<MsgId>22511402418549842</MsgId>
</xml>
2019-10-30 13:32:06,621 [11] INFO  WeiXinOpenPlatForm.Web.Filter.WeiXinActionFilterAttribute [(null)] - {"ApiVersion":"1.0","Ip":"::1","ActionId":"a5fabe26-4649-478a-ba2a-e4cafeb84238","ActionPath":"/home/weixin","ActionType":3,"ActionElapsed":104776502,"TimeStamp":"0001-01-01T00:00:00","Host":null,"Level":null,"Content":"{\"Content\":\"<xml>\\r\\n  <ToUserName><![CDATA[gh_64b0aeb7f241]]></ToUserName>\\r\\n  <FromUserName><![CDATA[oZheluF2hlB6vkYGcho5iQPC9ULE]]></FromUserName>\\r\\n  <CreateTime>1572413519</CreateTime>\\r\\n  <MsgType><![CDATA[text]]></MsgType>\\r\\n  <Content><![CDATA[你好]]></Content>\\r\\n</xml>\",\"ContentType\":\"application/xml\",\"StatusCode\":null}","Message":null}
2019-10-30 13:40:17,263 [4] INFO  WeiXinOpenPlatForm.Web.Filter.WeiXinActionFilterAttribute [(null)] - WeiXinOpenPlatForm.Core.Logs.ActionLog
2019-10-30 13:40:17,332 [4] INFO  WeiXinOpenPlatForm.Web.Filter.WeiXinActionFilterAttribute [(null)] - {"ApiVersion":"1.0","Ip":"::1","ActionId":"6d42a9e9-70e0-485a-a80d-a278f286d23f","ActionPath":"/","ActionType":1,"ActionElapsed":0,"TimeStamp":"0001-01-01T00:00:00","Host":null,"Level":null,"Content":"","Message":null}
2019-10-30 13:40:17,441 [4] INFO  WeiXinOpenPlatForm.Web.Filter.WeiXinActionFilterAttribute [(null)] - {"ApiVersion":"1.0","Ip":"::1","ActionId":"6d42a9e9-70e0-485a-a80d-a278f286d23f","ActionPath":"/","ActionType":3,"ActionElapsed":2619599,"TimeStamp":"0001-01-01T00:00:00","Host":null,"Level":null,"Content":"{\"StatusCode\":null,\"ViewName\":null,\"Model\":null,\"ViewData\":{},\"TempData\":{},\"ViewEngine\":null,\"ContentType\":null}","Message":null}
2019-10-30 13:40:30,371 [4] INFO  WeiXinOpenPlatForm.Web.Filter.WeiXinActionFilterAttribute [(null)] - WeiXinOpenPlatForm.Core.Logs.ActionLog
2019-10-30 13:40:30,371 [4] INFO  WeiXinOpenPlatForm.Web.Filter.WeiXinActionFilterAttribute [(null)] - {"ApiVersion":"1.0","Ip":"::1","ActionId":"70ed0d71-2f77-482e-9397-ef6e715d7905","ActionPath":"/home/weixin","ActionType":1,"ActionElapsed":0,"TimeStamp":"0001-01-01T00:00:00","Host":null,"Level":null,"Content":"?signature=cf64b665267350382d055b7a6626cd8440e02b22&timestamp=1572403304&nonce=1463871068&openid=oZheluF2hlB6vkYGcho5iQPC9ULE","Message":null}
2019-10-30 13:40:31,633 [4] INFO  WeiXinOpenPlatForm.Web.Filter.WeiXinActionFilterAttribute [(null)] - <xml>
<ToUserName><![CDATA[gh_64b0aeb7f241]]></ToUserName>
<FromUserName><![CDATA[oZheluF2hlB6vkYGcho5iQPC9ULE]]></FromUserName>
<CreateTime>1572403303</CreateTime>
<MsgType><![CDATA[text]]></MsgType>
<Content><![CDATA[测试]]></Content>
<MsgId>22511402418549842</MsgId>
</xml>
2019-10-30 13:40:34,235 [4] INFO  WeiXinOpenPlatForm.Web.Filter.WeiXinActionFilterAttribute [(null)] - {"ApiVersion":"1.0","Ip":"::1","ActionId":"70ed0d71-2f77-482e-9397-ef6e715d7905","ActionPath":"/home/weixin","ActionType":3,"ActionElapsed":38627734,"TimeStamp":"0001-01-01T00:00:00","Host":null,"Level":null,"Content":"{\"Content\":\"微信token校验不通过\",\"ContentType\":null,\"StatusCode\":null}","Message":null}
2019-10-30 13:40:39,673 [11] INFO  WeiXinOpenPlatForm.Web.Filter.WeiXinActionFilterAttribute [(null)] - WeiXinOpenPlatForm.Core.Logs.ActionLog
2019-10-30 13:40:39,673 [11] INFO  WeiXinOpenPlatForm.Web.Filter.WeiXinActionFilterAttribute [(null)] - {"ApiVersion":"1.0","Ip":"::1","ActionId":"40ce909b-b2ab-44be-8e69-a5b23df5f04b","ActionPath":"/home/weixin","ActionType":1,"ActionElapsed":0,"TimeStamp":"0001-01-01T00:00:00","Host":null,"Level":null,"Content":"?signature=cf64b665267350382d055b7a6626cd8440e02b22&timestamp=1572403304&nonce=1463871068&openid=oZheluF2hlB6vkYGcho5iQPC9ULE","Message":null}
2019-10-30 13:40:42,218 [11] INFO  WeiXinOpenPlatForm.Web.Filter.WeiXinActionFilterAttribute [(null)] - <xml>
<ToUserName><![CDATA[gh_64b0aeb7f241]]></ToUserName>
<FromUserName><![CDATA[oZheluF2hlB6vkYGcho5iQPC9ULE]]></FromUserName>
<CreateTime>1572403303</CreateTime>
<MsgType><![CDATA[text]]></MsgType>
<Content><![CDATA[测试]]></Content>
<MsgId>22511402418549842</MsgId>
</xml>
2019-10-30 13:40:43,575 [11] INFO  WeiXinOpenPlatForm.Web.Filter.WeiXinActionFilterAttribute [(null)] - {"ApiVersion":"1.0","Ip":"::1","ActionId":"40ce909b-b2ab-44be-8e69-a5b23df5f04b","ActionPath":"/home/weixin","ActionType":3,"ActionElapsed":39024261,"TimeStamp":"0001-01-01T00:00:00","Host":null,"Level":null,"Content":"{\"Content\":\"微信token校验不通过\",\"ContentType\":null,\"StatusCode\":null}","Message":null}
2019-10-30 13:50:27,235 [4] INFO  WeiXinOpenPlatForm.Web.Filter.WeiXinActionFilterAttribute [(null)] - WeiXinOpenPlatForm.Core.Logs.ActionLog
2019-10-30 13:50:27,290 [4] INFO  WeiXinOpenPlatForm.Web.Filter.WeiXinActionFilterAttribute [(null)] - {"ApiVersion":"1.0","Ip":"::1","ActionId":"a48407ef-2fe1-4d7d-8ac9-c433c27c0450","ActionPath":"/","ActionType":1,"ActionElapsed":0,"TimeStamp":"0001-01-01T00:00:00","Host":null,"Level":null,"Content":"","Message":null}
2019-10-30 13:50:27,395 [4] INFO  WeiXinOpenPlatForm.Web.Filter.WeiXinActionFilterAttribute [(null)] - {"ApiVersion":"1.0","Ip":"::1","ActionId":"a48407ef-2fe1-4d7d-8ac9-c433c27c0450","ActionPath":"/","ActionType":3,"ActionElapsed":2214607,"TimeStamp":"0001-01-01T00:00:00","Host":null,"Level":null,"Content":"{\"StatusCode\":null,\"ViewName\":null,\"Model\":null,\"ViewData\":{},\"TempData\":{},\"ViewEngine\":null,\"ContentType\":null}","Message":null}
2019-10-30 13:50:35,134 [4] INFO  WeiXinOpenPlatForm.Web.Filter.WeiXinActionFilterAttribute [(null)] - WeiXinOpenPlatForm.Core.Logs.ActionLog
2019-10-30 13:50:35,134 [4] INFO  WeiXinOpenPlatForm.Web.Filter.WeiXinActionFilterAttribute [(null)] - {"ApiVersion":"1.0","Ip":"::1","ActionId":"ffc7eed5-fcfe-4bc5-aa21-c192550f1926","ActionPath":"/home/weixin","ActionType":1,"ActionElapsed":0,"TimeStamp":"0001-01-01T00:00:00","Host":null,"Level":null,"Content":"?signature=cf64b665267350382d055b7a6626cd8440e02b22&timestamp=1572403304&nonce=1463871068&openid=oZheluF2hlB6vkYGcho5iQPC9ULE","Message":null}
2019-10-30 13:50:38,835 [4] INFO  WeiXinOpenPlatForm.Web.Filter.WeiXinActionFilterAttribute [(null)] - <xml>
<ToUserName><![CDATA[gh_64b0aeb7f241]]></ToUserName>
<FromUserName><![CDATA[oZheluF2hlB6vkYGcho5iQPC9ULE]]></FromUserName>
<CreateTime>1572403303</CreateTime>
<MsgType><![CDATA[text]]></MsgType>
<Content><![CDATA[测试]]></Content>
<MsgId>22511402418549842</MsgId>
</xml>
2019-10-30 14:00:09,193 [7] INFO  WeiXinOpenPlatForm.Web.Filter.WeiXinActionFilterAttribute [(null)] - WeiXinOpenPlatForm.Core.Logs.ActionLog
2019-10-30 14:00:09,193 [4] INFO  WeiXinOpenPlatForm.Web.Filter.WeiXinActionFilterAttribute [(null)] - WeiXinOpenPlatForm.Core.Logs.ActionLog
2019-10-30 14:00:09,255 [4] INFO  WeiXinOpenPlatForm.Web.Filter.WeiXinActionFilterAttribute [(null)] - {"ApiVersion":"1.0","Ip":"::1","ActionId":"85633c03-4a76-4ade-b831-59646b54b1e0","ActionPath":"/home/weixin","ActionType":1,"ActionElapsed":0,"TimeStamp":"0001-01-01T00:00:00","Host":null,"Level":null,"Content":"?signature=cf64b665267350382d055b7a6626cd8440e02b22&timestamp=1572403304&nonce=1463871068&openid=oZheluF2hlB6vkYGcho5iQPC9ULE","Message":null}
2019-10-30 14:00:09,255 [7] INFO  WeiXinOpenPlatForm.Web.Filter.WeiXinActionFilterAttribute [(null)] - {"ApiVersion":"1.0","Ip":"::1","ActionId":"6f50659a-d59a-4142-8b87-8a9051c5c253","ActionPath":"/","ActionType":1,"ActionElapsed":0,"TimeStamp":"0001-01-01T00:00:00","Host":null,"Level":null,"Content":"","Message":null}
2019-10-30 14:00:09,370 [7] INFO  WeiXinOpenPlatForm.Web.Filter.WeiXinActionFilterAttribute [(null)] - {"ApiVersion":"1.0","Ip":"::1","ActionId":"6f50659a-d59a-4142-8b87-8a9051c5c253","ActionPath":"/","ActionType":3,"ActionElapsed":2440750,"TimeStamp":"0001-01-01T00:00:00","Host":null,"Level":null,"Content":"{\"StatusCode\":null,\"ViewName\":null,\"Model\":null,\"ViewData\":{},\"TempData\":{},\"ViewEngine\":null,\"ContentType\":null}","Message":null}
2019-10-30 14:00:11,040 [4] INFO  WeiXinOpenPlatForm.Web.Filter.WeiXinActionFilterAttribute [(null)] - <xml>
<ToUserName><![CDATA[gh_64b0aeb7f241]]></ToUserName>
<FromUserName><![CDATA[oZheluF2hlB6vkYGcho5iQPC9ULE]]></FromUserName>
<CreateTime>1572403303</CreateTime>
<MsgType><![CDATA[text]]></MsgType>
<Content><![CDATA[测试]]></Content>
<MsgId>22511402418549842</MsgId>
</xml>
2019-10-30 14:58:25,233 [4] INFO  WeiXinOpenPlatForm.Web.Filter.WeiXinActionFilterAttribute [(null)] - WeiXinOpenPlatForm.Core.Logs.ActionLog
2019-10-30 14:58:25,308 [4] INFO  WeiXinOpenPlatForm.Web.Filter.WeiXinActionFilterAttribute [(null)] - {"ApiVersion":"1.0","Ip":"::1","ActionId":"bafcf69a-88cb-446d-8020-f0b787bc2d45","ActionPath":"/","ActionType":1,"ActionElapsed":0,"TimeStamp":"0001-01-01T00:00:00","Host":null,"Level":null,"Content":"","Message":null}
2019-10-30 14:58:25,445 [4] INFO  WeiXinOpenPlatForm.Web.Filter.WeiXinActionFilterAttribute [(null)] - {"ApiVersion":"1.0","Ip":"::1","ActionId":"bafcf69a-88cb-446d-8020-f0b787bc2d45","ActionPath":"/","ActionType":3,"ActionElapsed":3038729,"TimeStamp":"0001-01-01T00:00:00","Host":null,"Level":null,"Content":"{\"StatusCode\":null,\"ViewName\":null,\"Model\":null,\"ViewData\":{},\"TempData\":{},\"ViewEngine\":null,\"ContentType\":null}","Message":null}
2019-10-30 15:00:30,372 [7] INFO  WeiXinOpenPlatForm.Web.Filter.WeiXinActionFilterAttribute [(null)] - WeiXinOpenPlatForm.Core.Logs.ActionLog
2019-10-30 15:00:30,372 [7] INFO  WeiXinOpenPlatForm.Web.Filter.WeiXinActionFilterAttribute [(null)] - {"ApiVersion":"1.0","Ip":"::1","ActionId":"4fcaa0ca-7291-4d35-a2ca-17921a5a2dc2","ActionPath":"/home/weixin","ActionType":1,"ActionElapsed":0,"TimeStamp":"0001-01-01T00:00:00","Host":null,"Level":null,"Content":"?signature=cf64b665267350382d055b7a6626cd8440e02b22&timestamp=1572403304&nonce=1463871068&openid=oZheluF2hlB6vkYGcho5iQPC9ULE","Message":null}
2019-10-30 15:00:34,557 [7] INFO  WeiXinOpenPlatForm.Web.Filter.WeiXinActionFilterAttribute [(null)] - <xml>
<ToUserName><![CDATA[gh_64b0aeb7f241]]></ToUserName>
<FromUserName><![CDATA[oZheluF2hlB6vkYGcho5iQPC9ULE]]></FromUserName>
<CreateTime>1572403303</CreateTime>
<MsgType><![CDATA[text]]></MsgType>
<Content><![CDATA[杭州]]></Content>
<MsgId>22511402418549842</MsgId>
</xml>
2019-10-30 15:01:06,403 [7] INFO  WeiXinOpenPlatForm.Web.Filter.WeiXinActionFilterAttribute [(null)] - {"ApiVersion":"1.0","Ip":"::1","ActionId":"4fcaa0ca-7291-4d35-a2ca-17921a5a2dc2","ActionPath":"/home/weixin","ActionType":3,"ActionElapsed":344404441,"TimeStamp":"0001-01-01T00:00:00","Host":null,"Level":null,"Content":"null","Message":null}
2019-10-30 15:02:10,183 [18] INFO  WeiXinOpenPlatForm.Web.Filter.WeiXinActionFilterAttribute [(null)] - WeiXinOpenPlatForm.Core.Logs.ActionLog
2019-10-30 15:02:10,183 [18] INFO  WeiXinOpenPlatForm.Web.Filter.WeiXinActionFilterAttribute [(null)] - {"ApiVersion":"1.0","Ip":"::1","ActionId":"43400eff-8ecf-4051-ad92-4251b854c64a","ActionPath":"/home/weixin","ActionType":1,"ActionElapsed":0,"TimeStamp":"0001-01-01T00:00:00","Host":null,"Level":null,"Content":"?signature=cf64b665267350382d055b7a6626cd8440e02b22&timestamp=1572403304&nonce=1463871068&openid=oZheluF2hlB6vkYGcho5iQPC9ULE","Message":null}
2019-10-30 15:02:12,490 [18] INFO  WeiXinOpenPlatForm.Web.Filter.WeiXinActionFilterAttribute [(null)] - <xml>
<ToUserName><![CDATA[gh_64b0aeb7f241]]></ToUserName>
<FromUserName><![CDATA[oZheluF2hlB6vkYGcho5iQPC9ULE]]></FromUserName>
<CreateTime>1572403303</CreateTime>
<MsgType><![CDATA[text]]></MsgType>
<Content><![CDATA[杭州]]></Content>
<MsgId>22511402418549842</MsgId>
</xml>
2019-10-30 15:02:51,441 [18] INFO  WeiXinOpenPlatForm.Web.Filter.WeiXinActionFilterAttribute [(null)] - {"ApiVersion":"1.0","Ip":"::1","ActionId":"43400eff-8ecf-4051-ad92-4251b854c64a","ActionPath":"/home/weixin","ActionType":3,"ActionElapsed":412576802,"TimeStamp":"0001-01-01T00:00:00","Host":null,"Level":null,"Content":"null","Message":null}
2019-10-30 15:10:11,608 [4] INFO  WeiXinOpenPlatForm.Web.Filter.WeiXinActionFilterAttribute [(null)] - WeiXinOpenPlatForm.Core.Logs.ActionLog
2019-10-30 15:10:11,683 [4] INFO  WeiXinOpenPlatForm.Web.Filter.WeiXinActionFilterAttribute [(null)] - {"ApiVersion":"1.0","Ip":"::1","ActionId":"cd68f08c-8cac-417c-bf98-ebcbb00f9310","ActionPath":"/","ActionType":1,"ActionElapsed":0,"TimeStamp":"0001-01-01T00:00:00","Host":null,"Level":null,"Content":"","Message":null}
2019-10-30 15:10:11,774 [4] INFO  WeiXinOpenPlatForm.Web.Filter.WeiXinActionFilterAttribute [(null)] - {"ApiVersion":"1.0","Ip":"::1","ActionId":"cd68f08c-8cac-417c-bf98-ebcbb00f9310","ActionPath":"/","ActionType":3,"ActionElapsed":2338495,"TimeStamp":"0001-01-01T00:00:00","Host":null,"Level":null,"Content":"{\"StatusCode\":null,\"ViewName\":null,\"Model\":null,\"ViewData\":{},\"TempData\":{},\"ViewEngine\":null,\"ContentType\":null}","Message":null}
2019-10-30 15:10:18,478 [4] INFO  WeiXinOpenPlatForm.Web.Filter.WeiXinActionFilterAttribute [(null)] - WeiXinOpenPlatForm.Core.Logs.ActionLog
2019-10-30 15:10:18,478 [4] INFO  WeiXinOpenPlatForm.Web.Filter.WeiXinActionFilterAttribute [(null)] - {"ApiVersion":"1.0","Ip":"::1","ActionId":"8953010e-889e-4284-a001-4fabb2334151","ActionPath":"/home/weixin","ActionType":1,"ActionElapsed":0,"TimeStamp":"0001-01-01T00:00:00","Host":null,"Level":null,"Content":"?signature=cf64b665267350382d055b7a6626cd8440e02b22&timestamp=1572403304&nonce=1463871068&openid=oZheluF2hlB6vkYGcho5iQPC9ULE","Message":null}
2019-10-30 15:10:21,052 [4] INFO  WeiXinOpenPlatForm.Web.Filter.WeiXinActionFilterAttribute [(null)] - <xml>
<ToUserName><![CDATA[gh_64b0aeb7f241]]></ToUserName>
<FromUserName><![CDATA[oZheluF2hlB6vkYGcho5iQPC9ULE]]></FromUserName>
<CreateTime>1572403303</CreateTime>
<MsgType><![CDATA[text]]></MsgType>
<Content><![CDATA[杭州]]></Content>
<MsgId>22511402418549842</MsgId>
</xml>
2019-10-30 15:10:28,834 [4] INFO  WeiXinOpenPlatForm.Web.Filter.WeiXinActionFilterAttribute [(null)] - {"ApiVersion":"1.0","Ip":"::1","ActionId":"8953010e-889e-4284-a001-4fabb2334151","ActionPath":"/home/weixin","ActionType":3,"ActionElapsed":103562494,"TimeStamp":"0001-01-01T00:00:00","Host":null,"Level":null,"Content":"null","Message":null}
2019-10-30 15:50:03,368 [5] INFO  WeiXinOpenPlatForm.Web.Filter.WeiXinActionFilterAttribute [(null)] - WeiXinOpenPlatForm.Core.Logs.ActionLog
2019-10-30 15:50:03,427 [5] INFO  WeiXinOpenPlatForm.Web.Filter.WeiXinActionFilterAttribute [(null)] - {"ApiVersion":"1.0","Ip":"::1","ActionId":"7041488f-0099-40e2-9ff1-7a825c28b8b7","ActionPath":"/","ActionType":1,"ActionElapsed":0,"TimeStamp":"0001-01-01T00:00:00","Host":null,"Level":null,"Content":"","Message":null}
2019-10-30 15:50:03,527 [5] INFO  WeiXinOpenPlatForm.Web.Filter.WeiXinActionFilterAttribute [(null)] - {"ApiVersion":"1.0","Ip":"::1","ActionId":"7041488f-0099-40e2-9ff1-7a825c28b8b7","ActionPath":"/","ActionType":3,"ActionElapsed":2494805,"TimeStamp":"0001-01-01T00:00:00","Host":null,"Level":null,"Content":"{\"StatusCode\":null,\"ViewName\":null,\"Model\":null,\"ViewData\":{},\"TempData\":{},\"ViewEngine\":null,\"ContentType\":null}","Message":null}
2019-10-30 15:50:06,741 [11] INFO  WeiXinOpenPlatForm.Web.Filter.WeiXinActionFilterAttribute [(null)] - WeiXinOpenPlatForm.Core.Logs.ActionLog
2019-10-30 15:50:06,742 [11] INFO  WeiXinOpenPlatForm.Web.Filter.WeiXinActionFilterAttribute [(null)] - {"ApiVersion":"1.0","Ip":"::1","ActionId":"0dd0bf06-2e7b-46a4-b097-c861ab985e64","ActionPath":"/home/weixin","ActionType":1,"ActionElapsed":0,"TimeStamp":"0001-01-01T00:00:00","Host":null,"Level":null,"Content":"?signature=cf64b665267350382d055b7a6626cd8440e02b22&timestamp=1572403304&nonce=1463871068&openid=oZheluF2hlB6vkYGcho5iQPC9ULE","Message":null}
2019-10-30 15:50:08,244 [11] INFO  WeiXinOpenPlatForm.Web.Filter.WeiXinActionFilterAttribute [(null)] - <xml>
<ToUserName><![CDATA[gh_64b0aeb7f241]]></ToUserName>
<FromUserName><![CDATA[oZheluF2hlB6vkYGcho5iQPC9ULE]]></FromUserName>
<CreateTime>1572403303</CreateTime>
<MsgType><![CDATA[text]]></MsgType>
<Content><![CDATA[杭州]]></Content>
<MsgId>22511402418549842</MsgId>
</xml>
2019-10-30 15:50:10,448 [11] INFO  WeiXinOpenPlatForm.Web.Filter.WeiXinActionFilterAttribute [(null)] - {"ApiVersion":"1.0","Ip":"::1","ActionId":"0dd0bf06-2e7b-46a4-b097-c861ab985e64","ActionPath":"/home/weixin","ActionType":3,"ActionElapsed":37047257,"TimeStamp":"0001-01-01T00:00:00","Host":null,"Level":null,"Content":"{\"Content\":\"微信token校验不通过\",\"ContentType\":null,\"StatusCode\":null}","Message":null}
2019-10-30 16:20:01,166 [4] INFO  WeiXinOpenPlatForm.Web.Filter.WeiXinActionFilterAttribute [(null)] - WeiXinOpenPlatForm.Core.Logs.ActionLog
2019-10-30 16:20:01,246 [4] INFO  WeiXinOpenPlatForm.Web.Filter.WeiXinActionFilterAttribute [(null)] - {"ApiVersion":"1.0","Ip":"::1","ActionId":"a6ff7f65-e96e-4096-8b20-b4e73982adfc","ActionPath":"/","ActionType":1,"ActionElapsed":0,"TimeStamp":"0001-01-01T00:00:00","Host":null,"Level":null,"Content":"","Message":null}
2019-10-30 16:20:01,389 [4] INFO  WeiXinOpenPlatForm.Web.Filter.WeiXinActionFilterAttribute [(null)] - {"ApiVersion":"1.0","Ip":"::1","ActionId":"a6ff7f65-e96e-4096-8b20-b4e73982adfc","ActionPath":"/","ActionType":3,"ActionElapsed":3329410,"TimeStamp":"0001-01-01T00:00:00","Host":null,"Level":null,"Content":"{\"StatusCode\":null,\"ViewName\":null,\"Model\":null,\"ViewData\":{},\"TempData\":{},\"ViewEngine\":null,\"ContentType\":null}","Message":null}
2019-10-30 16:20:02,042 [4] INFO  WeiXinOpenPlatForm.Web.Filter.WeiXinActionFilterAttribute [(null)] - WeiXinOpenPlatForm.Core.Logs.ActionLog
2019-10-30 16:20:02,042 [4] INFO  WeiXinOpenPlatForm.Web.Filter.WeiXinActionFilterAttribute [(null)] - {"ApiVersion":"1.0","Ip":"::1","ActionId":"a86cc9b6-734a-4005-85ae-442d009426ea","ActionPath":"/home/weixin","ActionType":1,"ActionElapsed":0,"TimeStamp":"0001-01-01T00:00:00","Host":null,"Level":null,"Content":"?signature=cf64b665267350382d055b7a6626cd8440e02b22&timestamp=1572403304&nonce=1463871068&openid=oZheluF2hlB6vkYGcho5iQPC9ULE","Message":null}
2019-10-30 16:20:06,236 [4] INFO  WeiXinOpenPlatForm.Web.Filter.WeiXinActionFilterAttribute [(null)] - <xml>
<ToUserName><![CDATA[gh_64b0aeb7f241]]></ToUserName>
<FromUserName><![CDATA[oZheluF2hlB6vkYGcho5iQPC9ULE]]></FromUserName>
<CreateTime>1572403303</CreateTime>
<MsgType><![CDATA[text]]></MsgType>
<Content><![CDATA[杭州]]></Content>
<MsgId>22511402418549842</MsgId>
</xml>
2019-10-30 16:20:21,265 [4] INFO  WeiXinOpenPlatForm.Http.Extensions.HttpClientExtensions [(null)] - WeiXinOpenPlatForm.Core.Logs.RequestLog
2019-10-30 16:20:50,933 [7] INFO  WeiXinOpenPlatForm.Http.Extensions.HttpClientExtensions [(null)] - WeiXinOpenPlatForm.Core.Logs.RequestLog
2019-10-30 16:25:25,141 [4] INFO  WeiXinOpenPlatForm.Web.Filter.WeiXinActionFilterAttribute [(null)] - WeiXinOpenPlatForm.Core.Logs.ActionLog
2019-10-30 16:25:25,213 [4] INFO  WeiXinOpenPlatForm.Web.Filter.WeiXinActionFilterAttribute [(null)] - {"ApiVersion":"1.0","Ip":"::1","ActionId":"cc8d694f-0cb5-497a-b101-8c1aed5ed426","ActionPath":"/","ActionType":1,"ActionElapsed":0,"TimeStamp":"0001-01-01T00:00:00","Host":null,"Level":null,"Content":"","Message":null}
2019-10-30 16:25:25,334 [4] INFO  WeiXinOpenPlatForm.Web.Filter.WeiXinActionFilterAttribute [(null)] - {"ApiVersion":"1.0","Ip":"::1","ActionId":"cc8d694f-0cb5-497a-b101-8c1aed5ed426","ActionPath":"/","ActionType":3,"ActionElapsed":2612633,"TimeStamp":"0001-01-01T00:00:00","Host":null,"Level":null,"Content":"{\"StatusCode\":null,\"ViewName\":null,\"Model\":null,\"ViewData\":{},\"TempData\":{},\"ViewEngine\":null,\"ContentType\":null}","Message":null}
2019-10-30 16:25:29,254 [5] INFO  WeiXinOpenPlatForm.Web.Filter.WeiXinActionFilterAttribute [(null)] - WeiXinOpenPlatForm.Core.Logs.ActionLog
2019-10-30 16:25:29,255 [5] INFO  WeiXinOpenPlatForm.Web.Filter.WeiXinActionFilterAttribute [(null)] - {"ApiVersion":"1.0","Ip":"::1","ActionId":"1b2cfb88-37aa-4f55-8ef5-b0e31b3b1042","ActionPath":"/home/weixin","ActionType":1,"ActionElapsed":0,"TimeStamp":"0001-01-01T00:00:00","Host":null,"Level":null,"Content":"?signature=cf64b665267350382d055b7a6626cd8440e02b22&timestamp=1572403304&nonce=1463871068&openid=oZheluF2hlB6vkYGcho5iQPC9ULE","Message":null}
2019-10-30 16:25:30,247 [5] INFO  WeiXinOpenPlatForm.Web.Filter.WeiXinActionFilterAttribute [(null)] - <xml>
<ToUserName><![CDATA[gh_64b0aeb7f241]]></ToUserName>
<FromUserName><![CDATA[oZheluF2hlB6vkYGcho5iQPC9ULE]]></FromUserName>
<CreateTime>1572403303</CreateTime>
<MsgType><![CDATA[text]]></MsgType>
<Content><![CDATA[杭州]]></Content>
<MsgId>22511402418549842</MsgId>
</xml>
2019-10-30 16:25:30,917 [5] INFO  WeiXinOpenPlatForm.Http.Extensions.HttpClientExtensions [(null)] - WeiXinOpenPlatForm.Core.Logs.RequestLog
2019-10-30 16:25:32,902 [6] INFO  WeiXinOpenPlatForm.Http.Extensions.HttpClientExtensions [(null)] - WeiXinOpenPlatForm.Core.Logs.RequestLog
2019-10-30 16:25:35,586 [6] INFO  WeiXinOpenPlatForm.Web.Filter.WeiXinActionFilterAttribute [(null)] - {"ApiVersion":"1.0","Ip":"::1","ActionId":"1b2cfb88-37aa-4f55-8ef5-b0e31b3b1042","ActionPath":"/home/weixin","ActionType":3,"ActionElapsed":63303619,"TimeStamp":"0001-01-01T00:00:00","Host":null,"Level":null,"Content":"{\"Content\":\"微信token校验不通过\",\"ContentType\":null,\"StatusCode\":null}","Message":null}
2019-10-30 16:25:43,006 [5] INFO  WeiXinOpenPlatForm.Web.Filter.WeiXinActionFilterAttribute [(null)] - WeiXinOpenPlatForm.Core.Logs.ActionLog
2019-10-30 16:25:43,007 [5] INFO  WeiXinOpenPlatForm.Web.Filter.WeiXinActionFilterAttribute [(null)] - {"ApiVersion":"1.0","Ip":"::1","ActionId":"c1380b4c-85d8-4a30-90c5-7531a67589df","ActionPath":"/home/weixin","ActionType":1,"ActionElapsed":0,"TimeStamp":"0001-01-01T00:00:00","Host":null,"Level":null,"Content":"?signature=cf64b665267350382d055b7a6626cd8440e02b22&timestamp=1572403304&nonce=1463871068&openid=oZheluF2hlB6vkYGcho5iQPC9ULE","Message":null}
2019-10-30 16:25:50,320 [5] INFO  WeiXinOpenPlatForm.Web.Filter.WeiXinActionFilterAttribute [(null)] - <xml>
<ToUserName><![CDATA[gh_64b0aeb7f241]]></ToUserName>
<FromUserName><![CDATA[oZheluF2hlB6vkYGcho5iQPC9ULE]]></FromUserName>
<CreateTime>1572403303</CreateTime>
<MsgType><![CDATA[text]]></MsgType>
<Content><![CDATA[杭州]]></Content>
<MsgId>22511402418549842</MsgId>
</xml>
2019-10-30 16:25:59,187 [5] INFO  WeiXinOpenPlatForm.Http.Extensions.HttpClientExtensions [(null)] - WeiXinOpenPlatForm.Core.Logs.RequestLog
2019-10-30 16:26:10,104 [6] INFO  WeiXinOpenPlatForm.Http.Extensions.HttpClientExtensions [(null)] - WeiXinOpenPlatForm.Core.Logs.RequestLog
2019-10-30 16:30:37,223 [4] INFO  WeiXinOpenPlatForm.Web.Filter.WeiXinActionFilterAttribute [(null)] - WeiXinOpenPlatForm.Core.Logs.ActionLog
2019-10-30 16:30:37,288 [4] INFO  WeiXinOpenPlatForm.Web.Filter.WeiXinActionFilterAttribute [(null)] - {"ApiVersion":"1.0","Ip":"::1","ActionId":"6b3596f2-aff5-4cfe-9e52-baa30351cd43","ActionPath":"/","ActionType":1,"ActionElapsed":0,"TimeStamp":"0001-01-01T00:00:00","Host":null,"Level":null,"Content":"","Message":null}
2019-10-30 16:30:37,383 [4] INFO  WeiXinOpenPlatForm.Web.Filter.WeiXinActionFilterAttribute [(null)] - {"ApiVersion":"1.0","Ip":"::1","ActionId":"6b3596f2-aff5-4cfe-9e52-baa30351cd43","ActionPath":"/","ActionType":3,"ActionElapsed":2337282,"TimeStamp":"0001-01-01T00:00:00","Host":null,"Level":null,"Content":"{\"StatusCode\":null,\"ViewName\":null,\"Model\":null,\"ViewData\":{},\"TempData\":{},\"ViewEngine\":null,\"ContentType\":null}","Message":null}
2019-10-30 16:30:43,667 [4] INFO  WeiXinOpenPlatForm.Web.Filter.WeiXinActionFilterAttribute [(null)] - WeiXinOpenPlatForm.Core.Logs.ActionLog
2019-10-30 16:30:43,668 [4] INFO  WeiXinOpenPlatForm.Web.Filter.WeiXinActionFilterAttribute [(null)] - {"ApiVersion":"1.0","Ip":"::1","ActionId":"a247d83a-d35d-405e-933d-5d24987c3bd5","ActionPath":"/home/weixin","ActionType":1,"ActionElapsed":0,"TimeStamp":"0001-01-01T00:00:00","Host":null,"Level":null,"Content":"?signature=cf64b665267350382d055b7a6626cd8440e02b22&timestamp=1572403304&nonce=1463871068&openid=oZheluF2hlB6vkYGcho5iQPC9ULE","Message":null}
2019-10-30 16:30:46,011 [4] INFO  WeiXinOpenPlatForm.Web.Filter.WeiXinActionFilterAttribute [(null)] - <xml>
<ToUserName><![CDATA[gh_64b0aeb7f241]]></ToUserName>
<FromUserName><![CDATA[oZheluF2hlB6vkYGcho5iQPC9ULE]]></FromUserName>
<CreateTime>1572403303</CreateTime>
<MsgType><![CDATA[text]]></MsgType>
<Content><![CDATA[杭州]]></Content>
<MsgId>22511402418549842</MsgId>
</xml>
2019-10-30 16:30:48,619 [4] INFO  WeiXinOpenPlatForm.Http.Extensions.HttpClientExtensions [(null)] - WeiXinOpenPlatForm.Core.Logs.RequestLog
2019-10-30 16:31:04,841 [5] INFO  WeiXinOpenPlatForm.Http.Extensions.HttpClientExtensions [(null)] - WeiXinOpenPlatForm.Core.Logs.RequestLog
2019-10-30 16:31:58,929 [5] INFO  WeiXinOpenPlatForm.Web.Filter.WeiXinActionFilterAttribute [(null)] - {"ApiVersion":"1.0","Ip":"::1","ActionId":"a247d83a-d35d-405e-933d-5d24987c3bd5","ActionPath":"/home/weixin","ActionType":3,"ActionElapsed":752616129,"TimeStamp":"0001-01-01T00:00:00","Host":null,"Level":null,"Content":"null","Message":null}
2019-10-30 16:32:08,572 [7] INFO  WeiXinOpenPlatForm.Web.Filter.WeiXinActionFilterAttribute [(null)] - WeiXinOpenPlatForm.Core.Logs.ActionLog
2019-10-30 16:32:08,573 [7] INFO  WeiXinOpenPlatForm.Web.Filter.WeiXinActionFilterAttribute [(null)] - {"ApiVersion":"1.0","Ip":"::1","ActionId":"55a022bb-1adc-46b4-8816-b89701e01b83","ActionPath":"/home/weixin","ActionType":1,"ActionElapsed":0,"TimeStamp":"0001-01-01T00:00:00","Host":null,"Level":null,"Content":"?signature=cf64b665267350382d055b7a6626cd8440e02b22&timestamp=1572403304&nonce=1463871068&openid=oZheluF2hlB6vkYGcho5iQPC9ULE","Message":null}
2019-10-30 16:32:09,827 [7] INFO  WeiXinOpenPlatForm.Web.Filter.WeiXinActionFilterAttribute [(null)] - <xml>
<ToUserName><![CDATA[gh_64b0aeb7f241]]></ToUserName>
<FromUserName><![CDATA[oZheluF2hlB6vkYGcho5iQPC9ULE]]></FromUserName>
<CreateTime>1572403303</CreateTime>
<MsgType><![CDATA[text]]></MsgType>
<Content><![CDATA[杭州1]]></Content>
<MsgId>22511402418549842</MsgId>
</xml>
2019-10-30 16:32:11,441 [7] INFO  WeiXinOpenPlatForm.Http.Extensions.HttpClientExtensions [(null)] - WeiXinOpenPlatForm.Core.Logs.RequestLog
2019-10-30 16:32:13,356 [5] INFO  WeiXinOpenPlatForm.Http.Extensions.HttpClientExtensions [(null)] - WeiXinOpenPlatForm.Core.Logs.RequestLog
2019-10-30 16:32:23,517 [5] INFO  WeiXinOpenPlatForm.Web.Filter.WeiXinActionFilterAttribute [(null)] - {"ApiVersion":"1.0","Ip":"::1","ActionId":"55a022bb-1adc-46b4-8816-b89701e01b83","ActionPath":"/home/weixin","ActionType":3,"ActionElapsed":149408727,"TimeStamp":"0001-01-01T00:00:00","Host":null,"Level":null,"Content":"{\"Content\":\"微信token校验不通过\",\"ContentType\":null,\"StatusCode\":null}","Message":null}
2019-10-30 16:33:14,508 [4] INFO  WeiXinOpenPlatForm.Web.Filter.WeiXinActionFilterAttribute [(null)] - WeiXinOpenPlatForm.Core.Logs.ActionLog
2019-10-30 16:33:14,570 [4] INFO  WeiXinOpenPlatForm.Web.Filter.WeiXinActionFilterAttribute [(null)] - {"ApiVersion":"1.0","Ip":"::1","ActionId":"623c0a57-cdde-4d18-8cd4-610b85bd1feb","ActionPath":"/","ActionType":1,"ActionElapsed":0,"TimeStamp":"0001-01-01T00:00:00","Host":null,"Level":null,"Content":"","Message":null}
2019-10-30 16:33:14,677 [4] INFO  WeiXinOpenPlatForm.Web.Filter.WeiXinActionFilterAttribute [(null)] - {"ApiVersion":"1.0","Ip":"::1","ActionId":"623c0a57-cdde-4d18-8cd4-610b85bd1feb","ActionPath":"/","ActionType":3,"ActionElapsed":2329205,"TimeStamp":"0001-01-01T00:00:00","Host":null,"Level":null,"Content":"{\"StatusCode\":null,\"ViewName\":null,\"Model\":null,\"ViewData\":{},\"TempData\":{},\"ViewEngine\":null,\"ContentType\":null}","Message":null}
2019-10-30 16:33:17,930 [12] INFO  WeiXinOpenPlatForm.Web.Filter.WeiXinActionFilterAttribute [(null)] - WeiXinOpenPlatForm.Core.Logs.ActionLog
2019-10-30 16:33:17,930 [12] INFO  WeiXinOpenPlatForm.Web.Filter.WeiXinActionFilterAttribute [(null)] - {"ApiVersion":"1.0","Ip":"::1","ActionId":"172bbcc3-c0cb-49a8-ad11-ac964754f377","ActionPath":"/home/weixin","ActionType":1,"ActionElapsed":0,"TimeStamp":"0001-01-01T00:00:00","Host":null,"Level":null,"Content":"?signature=cf64b665267350382d055b7a6626cd8440e02b22&timestamp=1572403304&nonce=1463871068&openid=oZheluF2hlB6vkYGcho5iQPC9ULE","Message":null}
2019-10-30 16:33:20,325 [12] INFO  WeiXinOpenPlatForm.Web.Filter.WeiXinActionFilterAttribute [(null)] - <xml>
<ToUserName><![CDATA[gh_64b0aeb7f241]]></ToUserName>
<FromUserName><![CDATA[oZheluF2hlB6vkYGcho5iQPC9ULE]]></FromUserName>
<CreateTime>1572403303</CreateTime>
<MsgType><![CDATA[text]]></MsgType>
<Content><![CDATA[杭州1]]></Content>
<MsgId>22511402418549842</MsgId>
</xml>
2019-10-30 16:33:23,541 [12] INFO  WeiXinOpenPlatForm.Http.Extensions.HttpClientExtensions [(null)] - WeiXinOpenPlatForm.Core.Logs.RequestLog
2019-10-30 16:33:25,176 [6] INFO  WeiXinOpenPlatForm.Http.Extensions.HttpClientExtensions [(null)] - WeiXinOpenPlatForm.Core.Logs.RequestLog
2019-10-30 16:33:29,127 [6] INFO  WeiXinOpenPlatForm.Web.Filter.WeiXinActionFilterAttribute [(null)] - {"ApiVersion":"1.0","Ip":"::1","ActionId":"172bbcc3-c0cb-49a8-ad11-ac964754f377","ActionPath":"/home/weixin","ActionType":3,"ActionElapsed":111965715,"TimeStamp":"0001-01-01T00:00:00","Host":null,"Level":null,"Content":"{\"Content\":\"微信token校验不通过\",\"ContentType\":null,\"StatusCode\":null}","Message":null}
2019-10-30 16:33:33,982 [5] INFO  WeiXinOpenPlatForm.Web.Filter.WeiXinActionFilterAttribute [(null)] - WeiXinOpenPlatForm.Core.Logs.ActionLog
2019-10-30 16:33:33,982 [5] INFO  WeiXinOpenPlatForm.Web.Filter.WeiXinActionFilterAttribute [(null)] - {"ApiVersion":"1.0","Ip":"::1","ActionId":"0e80a241-5cad-4a9e-be6f-bb1ad685522b","ActionPath":"/home/weixin","ActionType":1,"ActionElapsed":0,"TimeStamp":"0001-01-01T00:00:00","Host":null,"Level":null,"Content":"?signature=cf64b665267350382d055b7a6626cd8440e02b22&timestamp=1572403304&nonce=1463871068&openid=oZheluF2hlB6vkYGcho5iQPC9ULE","Message":null}
2019-10-30 16:33:34,941 [5] INFO  WeiXinOpenPlatForm.Web.Filter.WeiXinActionFilterAttribute [(null)] - <xml>
<ToUserName><![CDATA[gh_64b0aeb7f241]]></ToUserName>
<FromUserName><![CDATA[oZheluF2hlB6vkYGcho5iQPC9ULE]]></FromUserName>
<CreateTime>1572403303</CreateTime>
<MsgType><![CDATA[text]]></MsgType>
<Content><![CDATA[杭州]]></Content>
<MsgId>22511402418549842</MsgId>
</xml>
2019-10-30 16:33:36,219 [5] INFO  WeiXinOpenPlatForm.Http.Extensions.HttpClientExtensions [(null)] - WeiXinOpenPlatForm.Core.Logs.RequestLog
2019-10-30 16:33:39,055 [6] INFO  WeiXinOpenPlatForm.Http.Extensions.HttpClientExtensions [(null)] - WeiXinOpenPlatForm.Core.Logs.RequestLog
2019-10-30 16:50:54,747 [4] INFO  WeiXinOpenPlatForm.Web.Filter.WeiXinActionFilterAttribute [(null)] - WeiXinOpenPlatForm.Core.Logs.ActionLog
2019-10-30 16:50:54,832 [4] INFO  WeiXinOpenPlatForm.Web.Filter.WeiXinActionFilterAttribute [(null)] - {"ApiVersion":"1.0","Ip":"::1","ActionId":"6ef90847-02da-4668-80ea-d0e19ee4853c","ActionPath":"/","ActionType":1,"ActionElapsed":0,"TimeStamp":"0001-01-01T00:00:00","Host":null,"Level":null,"Content":"","Message":null}
2019-10-30 16:50:55,005 [4] INFO  WeiXinOpenPlatForm.Web.Filter.WeiXinActionFilterAttribute [(null)] - {"ApiVersion":"1.0","Ip":"::1","ActionId":"6ef90847-02da-4668-80ea-d0e19ee4853c","ActionPath":"/","ActionType":3,"ActionElapsed":3461403,"TimeStamp":"0001-01-01T00:00:00","Host":null,"Level":null,"Content":"{\"StatusCode\":null,\"ViewName\":null,\"Model\":null,\"ViewData\":{},\"TempData\":{},\"ViewEngine\":null,\"ContentType\":null}","Message":null}
2019-10-30 16:52:35,061 [13] INFO  WeiXinOpenPlatForm.Web.Filter.WeiXinActionFilterAttribute [(null)] - WeiXinOpenPlatForm.Core.Logs.ActionLog
2019-10-30 16:52:35,062 [13] INFO  WeiXinOpenPlatForm.Web.Filter.WeiXinActionFilterAttribute [(null)] - {"ApiVersion":"1.0","Ip":"::1","ActionId":"1d487d6f-022b-40df-b766-507ed2e1bd79","ActionPath":"/home/weixin","ActionType":1,"ActionElapsed":0,"TimeStamp":"0001-01-01T00:00:00","Host":null,"Level":null,"Content":"?signature=cf64b665267350382d055b7a6626cd8440e02b22&timestamp=1572403304&nonce=1463871068&openid=oZheluF2hlB6vkYGcho5iQPC9ULE","Message":null}
2019-10-30 16:52:36,001 [13] INFO  WeiXinOpenPlatForm.Web.Filter.WeiXinActionFilterAttribute [(null)] - <xml>
<ToUserName><![CDATA[gh_64b0aeb7f241]]></ToUserName>
<FromUserName><![CDATA[oZheluF2hlB6vkYGcho5iQPC9ULE]]></FromUserName>
<CreateTime>1572403303</CreateTime>
<MsgType><![CDATA[text]]></MsgType>
<Content><![CDATA[杭州]]></Content>
<MsgId>22511402418549842</MsgId>
</xml>
2019-10-30 16:52:37,892 [13] INFO  WeiXinOpenPlatForm.Http.Extensions.HttpClientExtensions [(null)] - WeiXinOpenPlatForm.Core.Logs.RequestLog
2019-10-30 16:52:39,819 [7] INFO  WeiXinOpenPlatForm.Http.Extensions.HttpClientExtensions [(null)] - WeiXinOpenPlatForm.Core.Logs.RequestLog
2019-10-30 16:57:19,959 [7] INFO  WeiXinOpenPlatForm.Web.Filter.WeiXinActionFilterAttribute [(null)] - {"ApiVersion":"1.0","Ip":"::1","ActionId":"1d487d6f-022b-40df-b766-507ed2e1bd79","ActionPath":"/home/weixin","ActionType":3,"ActionElapsed":2848989464,"TimeStamp":"0001-01-01T00:00:00","Host":null,"Level":null,"Content":"{\"Content\":\"微信token校验不通过\",\"ContentType\":null,\"StatusCode\":null}","Message":null}
2019-10-30 16:57:22,979 [13] INFO  WeiXinOpenPlatForm.Web.Filter.WeiXinActionFilterAttribute [(null)] - WeiXinOpenPlatForm.Core.Logs.ActionLog
2019-10-30 16:57:22,980 [13] INFO  WeiXinOpenPlatForm.Web.Filter.WeiXinActionFilterAttribute [(null)] - {"ApiVersion":"1.0","Ip":"::1","ActionId":"ee913974-9ce9-472d-a3ff-d1224c684616","ActionPath":"/home/weixin","ActionType":1,"ActionElapsed":0,"TimeStamp":"0001-01-01T00:00:00","Host":null,"Level":null,"Content":"?signature=cf64b665267350382d055b7a6626cd8440e02b22&timestamp=1572403304&nonce=1463871068&openid=oZheluF2hlB6vkYGcho5iQPC9ULE","Message":null}
2019-10-30 16:57:26,166 [13] INFO  WeiXinOpenPlatForm.Web.Filter.WeiXinActionFilterAttribute [(null)] - <xml>
<ToUserName><![CDATA[gh_64b0aeb7f241]]></ToUserName>
<FromUserName><![CDATA[oZheluF2hlB6vkYGcho5iQPC9ULE]]></FromUserName>
<CreateTime>1572403303</CreateTime>
<MsgType><![CDATA[text]]></MsgType>
<Content><![CDATA[杭州]]></Content>
<MsgId>22511402418549842</MsgId>
</xml>
2019-10-30 16:57:27,413 [13] INFO  WeiXinOpenPlatForm.Http.Extensions.HttpClientExtensions [(null)] - WeiXinOpenPlatForm.Core.Logs.RequestLog
2019-10-30 16:57:29,596 [23] INFO  WeiXinOpenPlatForm.Http.Extensions.HttpClientExtensions [(null)] - WeiXinOpenPlatForm.Core.Logs.RequestLog
2019-10-30 17:05:17,342 [4] INFO  WeiXinOpenPlatForm.Web.Filter.WeiXinActionFilterAttribute [(null)] - WeiXinOpenPlatForm.Core.Logs.ActionLog
2019-10-30 17:05:17,398 [4] INFO  WeiXinOpenPlatForm.Web.Filter.WeiXinActionFilterAttribute [(null)] - {"ApiVersion":"1.0","Ip":"::1","ActionId":"f78ab115-2b29-424d-a488-1b4e03a774b0","ActionPath":"/","ActionType":1,"ActionElapsed":0,"TimeStamp":"0001-01-01T00:00:00","Host":null,"Level":null,"Content":"","Message":null}
2019-10-30 17:05:17,496 [4] INFO  WeiXinOpenPlatForm.Web.Filter.WeiXinActionFilterAttribute [(null)] - {"ApiVersion":"1.0","Ip":"::1","ActionId":"f78ab115-2b29-424d-a488-1b4e03a774b0","ActionPath":"/","ActionType":3,"ActionElapsed":2219872,"TimeStamp":"0001-01-01T00:00:00","Host":null,"Level":null,"Content":"{\"StatusCode\":null,\"ViewName\":null,\"Model\":null,\"ViewData\":{},\"TempData\":{},\"ViewEngine\":null,\"ContentType\":null}","Message":null}
2019-10-30 17:05:25,952 [10] INFO  WeiXinOpenPlatForm.Web.Filter.WeiXinActionFilterAttribute [(null)] - WeiXinOpenPlatForm.Core.Logs.ActionLog
2019-10-30 17:05:25,953 [10] INFO  WeiXinOpenPlatForm.Web.Filter.WeiXinActionFilterAttribute [(null)] - {"ApiVersion":"1.0","Ip":"::1","ActionId":"707ee708-43af-4eec-abbe-6f9bb953f49a","ActionPath":"/home/weixin","ActionType":1,"ActionElapsed":0,"TimeStamp":"0001-01-01T00:00:00","Host":null,"Level":null,"Content":"?signature=cf64b665267350382d055b7a6626cd8440e02b22&timestamp=1572403304&nonce=1463871068&openid=oZheluF2hlB6vkYGcho5iQPC9ULE","Message":null}
2019-10-30 17:05:26,741 [10] INFO  WeiXinOpenPlatForm.Web.Filter.WeiXinActionFilterAttribute [(null)] - <xml>
<ToUserName><![CDATA[gh_64b0aeb7f241]]></ToUserName>
<FromUserName><![CDATA[oZheluF2hlB6vkYGcho5iQPC9ULE]]></FromUserName>
<CreateTime>1572403303</CreateTime>
<MsgType><![CDATA[text]]></MsgType>
<Content><![CDATA[杭州]]></Content>
<MsgId>22511402418549842</MsgId>
</xml>
2019-10-30 17:05:28,176 [10] INFO  WeiXinOpenPlatForm.Http.Extensions.HttpClientExtensions [(null)] - WeiXinOpenPlatForm.Core.Logs.RequestLog
2019-10-30 17:05:29,573 [14] INFO  WeiXinOpenPlatForm.Http.Extensions.HttpClientExtensions [(null)] - WeiXinOpenPlatForm.Core.Logs.RequestLog
2019-10-30 17:05:49,683 [14] INFO  WeiXinOpenPlatForm.Web.Filter.WeiXinActionFilterAttribute [(null)] - {"ApiVersion":"1.0","Ip":"::1","ActionId":"707ee708-43af-4eec-abbe-6f9bb953f49a","ActionPath":"/home/weixin","ActionType":3,"ActionElapsed":237294473,"TimeStamp":"0001-01-01T00:00:00","Host":null,"Level":null,"Content":"{\"Content\":\"微信token校验不通过\",\"ContentType\":null,\"StatusCode\":null}","Message":null}
2019-10-30 17:10:43,169 [4] INFO  WeiXinOpenPlatForm.Web.Filter.WeiXinActionFilterAttribute [(null)] - WeiXinOpenPlatForm.Core.Logs.ActionLog
2019-10-30 17:10:43,230 [4] INFO  WeiXinOpenPlatForm.Web.Filter.WeiXinActionFilterAttribute [(null)] - {"ApiVersion":"1.0","Ip":"::1","ActionId":"fbb933aa-9b8c-47a5-8846-02e1999c69d8","ActionPath":"/","ActionType":1,"ActionElapsed":0,"TimeStamp":"0001-01-01T00:00:00","Host":null,"Level":null,"Content":"","Message":null}
2019-10-30 17:10:43,369 [4] INFO  WeiXinOpenPlatForm.Web.Filter.WeiXinActionFilterAttribute [(null)] - {"ApiVersion":"1.0","Ip":"::1","ActionId":"fbb933aa-9b8c-47a5-8846-02e1999c69d8","ActionPath":"/","ActionType":3,"ActionElapsed":2765639,"TimeStamp":"0001-01-01T00:00:00","Host":null,"Level":null,"Content":"{\"StatusCode\":null,\"ViewName\":null,\"Model\":null,\"ViewData\":{},\"TempData\":{},\"ViewEngine\":null,\"ContentType\":null}","Message":null}
2019-10-30 17:10:49,347 [4] INFO  WeiXinOpenPlatForm.Web.Filter.WeiXinActionFilterAttribute [(null)] - WeiXinOpenPlatForm.Core.Logs.ActionLog
2019-10-30 17:10:49,347 [4] INFO  WeiXinOpenPlatForm.Web.Filter.WeiXinActionFilterAttribute [(null)] - {"ApiVersion":"1.0","Ip":"::1","ActionId":"51b278a7-27b5-40c4-8346-9474552f902c","ActionPath":"/home/weixin","ActionType":1,"ActionElapsed":0,"TimeStamp":"0001-01-01T00:00:00","Host":null,"Level":null,"Content":"?signature=cf64b665267350382d055b7a6626cd8440e02b22&timestamp=1572403304&nonce=1463871068&openid=oZheluF2hlB6vkYGcho5iQPC9ULE","Message":null}
2019-10-30 17:10:50,803 [4] INFO  WeiXinOpenPlatForm.Web.Filter.WeiXinActionFilterAttribute [(null)] - <xml>
<ToUserName><![CDATA[gh_64b0aeb7f241]]></ToUserName>
<FromUserName><![CDATA[oZheluF2hlB6vkYGcho5iQPC9ULE]]></FromUserName>
<CreateTime>1572403303</CreateTime>
<MsgType><![CDATA[text]]></MsgType>
<Content><![CDATA[杭州]]></Content>
<MsgId>22511402418549842</MsgId>
</xml>
2019-10-30 17:10:51,951 [4] INFO  WeiXinOpenPlatForm.Http.Extensions.HttpClientExtensions [(null)] - WeiXinOpenPlatForm.Core.Logs.RequestLog
2019-10-30 17:10:53,286 [5] INFO  WeiXinOpenPlatForm.Http.Extensions.HttpClientExtensions [(null)] - WeiXinOpenPlatForm.Core.Logs.RequestLog
2019-10-30 17:10:54,970 [5] INFO  WeiXinOpenPlatForm.Web.Filter.WeiXinActionFilterAttribute [(null)] - {"ApiVersion":"1.0","Ip":"::1","ActionId":"51b278a7-27b5-40c4-8346-9474552f902c","ActionPath":"/home/weixin","ActionType":3,"ActionElapsed":56205570,"TimeStamp":"0001-01-01T00:00:00","Host":null,"Level":null,"Content":"{\"Content\":\"微信token校验不通过\",\"ContentType\":null,\"StatusCode\":null}","Message":null}
2019-10-30 18:20:27,079 [4] INFO  WeiXinOpenPlatForm.Web.Filter.WeiXinActionFilterAttribute [(null)] - WeiXinOpenPlatForm.Core.Logs.ActionLog
2019-10-30 18:20:27,160 [4] INFO  WeiXinOpenPlatForm.Web.Filter.WeiXinActionFilterAttribute [(null)] - {"ApiVersion":"1.0","Ip":"::1","ActionId":"dfa70ca3-df66-483c-9f11-339429927deb","ActionPath":"/","ActionType":1,"ActionElapsed":0,"TimeStamp":"0001-01-01T00:00:00","Host":null,"Level":null,"Content":"","Message":null}
2019-10-30 18:20:27,306 [4] INFO  WeiXinOpenPlatForm.Web.Filter.WeiXinActionFilterAttribute [(null)] - {"ApiVersion":"1.0","Ip":"::1","ActionId":"dfa70ca3-df66-483c-9f11-339429927deb","ActionPath":"/","ActionType":3,"ActionElapsed":3406863,"TimeStamp":"0001-01-01T00:00:00","Host":null,"Level":null,"Content":"{\"StatusCode\":null,\"ViewName\":null,\"Model\":null,\"ViewData\":{},\"TempData\":{},\"ViewEngine\":null,\"ContentType\":null}","Message":null}
2019-10-30 18:20:35,331 [4] INFO  WeiXinOpenPlatForm.Web.Filter.WeiXinActionFilterAttribute [(null)] - WeiXinOpenPlatForm.Core.Logs.ActionLog
2019-10-30 18:20:35,331 [4] INFO  WeiXinOpenPlatForm.Web.Filter.WeiXinActionFilterAttribute [(null)] - {"ApiVersion":"1.0","Ip":"::1","ActionId":"0246e922-f93f-4a4c-899d-087fa376b775","ActionPath":"/home/weixin","ActionType":1,"ActionElapsed":0,"TimeStamp":"0001-01-01T00:00:00","Host":null,"Level":null,"Content":"?signature=f2dc30ea907f4d2f778015a5896f0cf291978c92&timestamp=1572428433&nonce=434290626&openid=oZheluF2hlB6vkYGcho5iQPC9ULE","Message":null}
2019-10-30 18:20:37,520 [4] INFO  WeiXinOpenPlatForm.Web.Filter.WeiXinActionFilterAttribute [(null)] - <xml><ToUserName><![CDATA[gh_64b0aeb7f241]]></ToUserName>
<FromUserName><![CDATA[oZheluF2hlB6vkYGcho5iQPC9ULE]]></FromUserName>
<CreateTime>1572428433</CreateTime>
<MsgType><![CDATA[event]]></MsgType>
<Event><![CDATA[unsubscribe]]></Event>
<EventKey><![CDATA[]]></EventKey>
</xml>
2019-10-30 18:20:46,581 [4] INFO  WeiXinOpenPlatForm.Web.Filter.WeiXinActionFilterAttribute [(null)] - {"ApiVersion":"1.0","Ip":"::1","ActionId":"0246e922-f93f-4a4c-899d-087fa376b775","ActionPath":"/home/weixin","ActionType":3,"ActionElapsed":112502274,"TimeStamp":"0001-01-01T00:00:00","Host":null,"Level":null,"Content":"null","Message":null}
2019-10-30 18:20:48,769 [4] INFO  WeiXinOpenPlatForm.Web.Filter.WeiXinActionFilterAttribute [(null)] - WeiXinOpenPlatForm.Core.Logs.ActionLog
2019-10-30 18:20:48,769 [4] INFO  WeiXinOpenPlatForm.Web.Filter.WeiXinActionFilterAttribute [(null)] - {"ApiVersion":"1.0","Ip":"::1","ActionId":"99ce024a-f840-4940-812b-c95dc8dc79c8","ActionPath":"/home/weixin","ActionType":1,"ActionElapsed":0,"TimeStamp":"0001-01-01T00:00:00","Host":null,"Level":null,"Content":"?signature=f2dc30ea907f4d2f778015a5896f0cf291978c92&timestamp=1572428433&nonce=434290626&openid=oZheluF2hlB6vkYGcho5iQPC9ULE","Message":null}
2019-10-30 18:20:52,187 [4] INFO  WeiXinOpenPlatForm.Web.Filter.WeiXinActionFilterAttribute [(null)] - <xml><ToUserName><![CDATA[gh_64b0aeb7f241]]></ToUserName>
<FromUserName><![CDATA[oZheluF2hlB6vkYGcho5iQPC9ULE]]></FromUserName>
<CreateTime>1572428433</CreateTime>
<MsgType><![CDATA[event]]></MsgType>
<Event><![CDATA[unsubscribe]]></Event>
<EventKey><![CDATA[]]></EventKey>
</xml>
2019-10-30 18:22:00,216 [4] INFO  WeiXinOpenPlatForm.Web.Filter.WeiXinActionFilterAttribute [(null)] - WeiXinOpenPlatForm.Core.Logs.ActionLog
2019-10-30 18:22:00,277 [4] INFO  WeiXinOpenPlatForm.Web.Filter.WeiXinActionFilterAttribute [(null)] - {"ApiVersion":"1.0","Ip":"::1","ActionId":"93e89d0e-8e4c-4867-99dc-7b1ac8059997","ActionPath":"/","ActionType":1,"ActionElapsed":0,"TimeStamp":"0001-01-01T00:00:00","Host":null,"Level":null,"Content":"","Message":null}
2019-10-30 18:22:00,378 [4] INFO  WeiXinOpenPlatForm.Web.Filter.WeiXinActionFilterAttribute [(null)] - {"ApiVersion":"1.0","Ip":"::1","ActionId":"93e89d0e-8e4c-4867-99dc-7b1ac8059997","ActionPath":"/","ActionType":3,"ActionElapsed":2704560,"TimeStamp":"0001-01-01T00:00:00","Host":null,"Level":null,"Content":"{\"StatusCode\":null,\"ViewName\":null,\"Model\":null,\"ViewData\":{},\"TempData\":{},\"ViewEngine\":null,\"ContentType\":null}","Message":null}
2019-10-30 18:22:15,429 [4] INFO  WeiXinOpenPlatForm.Web.Filter.WeiXinActionFilterAttribute [(null)] - WeiXinOpenPlatForm.Core.Logs.ActionLog
2019-10-30 18:22:15,430 [4] INFO  WeiXinOpenPlatForm.Web.Filter.WeiXinActionFilterAttribute [(null)] - {"ApiVersion":"1.0","Ip":"::1","ActionId":"9950794d-e345-4f4d-a334-7aa67c097297","ActionPath":"/home/weixin","ActionType":1,"ActionElapsed":0,"TimeStamp":"0001-01-01T00:00:00","Host":null,"Level":null,"Content":"?signature=f2dc30ea907f4d2f778015a5896f0cf291978c92&timestamp=1572428433&nonce=434290626&openid=oZheluF2hlB6vkYGcho5iQPC9ULE","Message":null}
2019-10-30 18:22:17,871 [4] INFO  WeiXinOpenPlatForm.Web.Filter.WeiXinActionFilterAttribute [(null)] - <xml><ToUserName><![CDATA[gh_64b0aeb7f241]]></ToUserName>
<FromUserName><![CDATA[oZheluF2hlB6vkYGcho5iQPC9ULE]]></FromUserName>
<CreateTime>1572428433</CreateTime>
<MsgType><![CDATA[event]]></MsgType>
<Event><![CDATA[unsubscribe]]></Event>
<EventKey><![CDATA[]]></EventKey>
</xml>
2019-10-30 18:22:24,602 [4] INFO  WeiXinOpenPlatForm.Http.Extensions.HttpClientExtensions [(null)] - WeiXinOpenPlatForm.Core.Logs.RequestLog
2019-10-30 18:22:31,921 [14] INFO  WeiXinOpenPlatForm.Http.Extensions.HttpClientExtensions [(null)] - WeiXinOpenPlatForm.Core.Logs.RequestLog
2019-10-30 18:22:57,510 [14] INFO  WeiXinOpenPlatForm.Web.Filter.WeiXinActionFilterAttribute [(null)] - {"ApiVersion":"1.0","Ip":"::1","ActionId":"9950794d-e345-4f4d-a334-7aa67c097297","ActionPath":"/home/weixin","ActionType":3,"ActionElapsed":420747161,"TimeStamp":"0001-01-01T00:00:00","Host":null,"Level":null,"Content":"{\"Content\":\"微信token校验不通过\",\"ContentType\":null,\"StatusCode\":null}","Message":null}
